2020-11-11 23:38:11,304 INFO org.springframework.boot.logging.DeferredLog [restartedMain] Devtools property defaults active! Set 'spring.devtools.add-properties' to 'false' to disable
2020-11-11 23:38:13,667 INFO org.springframework.cloud.config.client.ConfigServicePropertySourceLocator [restartedMain] Fetching config from server at : http://localhost:8888
2020-11-11 23:38:15,867 INFO org.springframework.cloud.config.client.ConfigServicePropertySourceLocator [restartedMain] Connect Timeout Exception on Url - http://localhost:8888. Will be trying the next url if available
2020-11-11 23:38:15,871 WARN org.springframework.cloud.config.client.ConfigServicePropertySourceLocator [restartedMain] Could not locate PropertySource: I/O error on GET request for "http://localhost:8888/managecurrconvfactor/default": Connection refused: connect; nested exception is java.net.ConnectException: Connection refused: connect
2020-11-11 23:38:15,882 INFO org.springframework.boot.SpringApplication [restartedMain] No active profile set, falling back to default profiles: default
2020-11-11 23:38:19,191 INFO org.springframework.data.repository.config.RepositoryConfigurationDelegate [restartedMain] Bootstrapping Spring Data JPA repositories in DEFERRED mode.
2020-11-11 23:38:19,354 INFO org.springframework.data.repository.config.RepositoryConfigurationDelegate [restartedMain] Finished Spring Data repository scanning in 145ms. Found 1 JPA repository interfaces.
2020-11-11 23:38:20,093 INFO org.springframework.cloud.context.scope.GenericScope [restartedMain] BeanFactory id=47bd685c-5009-31fc-b752-bc47a75b9ca7
2020-11-11 23:38:22,355 INFO org.springframework.boot.web.embedded.tomcat.TomcatWebServer [restartedMain] Tomcat initialized with port(s): 8086 (http)
2020-11-11 23:38:22,370 INFO org.apache.juli.logging.DirectJDKLog [restartedMain] Initializing ProtocolHandler ["http-nio-8086"]
2020-11-11 23:38:22,371 INFO org.apache.juli.logging.DirectJDKLog [restartedMain] Starting service [Tomcat]
2020-11-11 23:38:22,372 INFO org.apache.juli.logging.DirectJDKLog [restartedMain] Starting Servlet engine: [Apache Tomcat/9.0.35]
2020-11-11 23:38:23,985 INFO org.apache.juli.logging.DirectJDKLog [restartedMain] Initializing Spring embedded WebApplicationContext
2020-11-11 23:38:23,986 INFO org.springframework.boot.web.servlet.context.ServletWebServerApplicationContext [restartedMain] Root WebApplicationContext: initialization completed in 8057 ms
2020-11-11 23:38:24,340 WARN com.netflix.config.sources.URLConfigurationSource [restartedMain] No URLs will be polled as dynamic configuration sources.
2020-11-11 23:38:24,341 INFO com.netflix.config.sources.URLConfigurationSource [restartedMain] To enable URLs as dynamic configuration sources, define System property archaius.configurationSource.additionalUrls or make config.properties available on classpath.
2020-11-11 23:38:24,374 INFO com.netflix.config.DynamicPropertyFactory [restartedMain] DynamicPropertyFactory is initialized with configuration sources: com.netflix.config.ConcurrentCompositeConfiguration@2fcc7250
2020-11-11 23:38:24,530 WARN org.springframework.boot.actuate.endpoint.EndpointId [restartedMain] Endpoint ID 'service-registry' contains invalid characters, please migrate to a valid format.
2020-11-11 23:38:26,596 INFO org.springframework.scheduling.concurrent.ExecutorConfigurationSupport [restartedMain] Initializing ExecutorService 'applicationTaskExecutor'
2020-11-11 23:38:26,862 INFO org.hibernate.jpa.internal.util.LogHelper [task-1] HHH000204: Processing PersistenceUnitInfo [name: default]
2020-11-11 23:38:27,151 WARN com.netflix.config.sources.URLConfigurationSource [restartedMain] No URLs will be polled as dynamic configuration sources.
2020-11-11 23:38:27,152 INFO com.netflix.config.sources.URLConfigurationSource [restartedMain] To enable URLs as dynamic configuration sources, define System property archaius.configurationSource.additionalUrls or make config.properties available on classpath.
2020-11-11 23:38:27,218 INFO org.hibernate.Version [task-1] HHH000412: Hibernate ORM core version 5.4.15.Final
2020-11-11 23:38:27,665 WARN org.springframework.boot.autoconfigure.orm.jpa.JpaBaseConfiguration$JpaWebConfiguration [restartedMain] spring.jpa.open-in-view is enabled by default. Therefore, database queries may be performed during view rendering. Explicitly configure spring.jpa.open-in-view to disable this warning
2020-11-11 23:38:28,453 INFO org.hibernate.annotations.common.reflection.java.JavaReflectionManager [task-1] HCANN000001: Hibernate Commons Annotations {5.1.0.Final}
2020-11-11 23:38:29,326 INFO com.zaxxer.hikari.HikariDataSource [task-1] HikariPool-1 - Starting...
2020-11-11 23:38:32,667 INFO com.zaxxer.hikari.HikariDataSource [task-1] HikariPool-1 - Start completed.
2020-11-11 23:38:32,716 INFO org.hibernate.dialect.Dialect [task-1] HHH000400: Using dialect: org.hibernate.dialect.MySQL8Dialect
2020-11-11 23:38:37,287 INFO org.hibernate.engine.transaction.jta.platform.internal.JtaPlatformInitiator [task-1] HHH000490: Using JtaPlatform implementation: [org.hibernate.engine.transaction.jta.platform.internal.NoJtaPlatform]
2020-11-11 23:38:37,321 INFO org.springframework.orm.jpa.AbstractEntityManagerFactoryBean [task-1] Initialized JPA EntityManagerFactory for persistence unit 'default'
2020-11-11 23:38:40,991 INFO org.springframework.boot.devtools.autoconfigure.OptionalLiveReloadServer [task-2] LiveReload server is running on port 35729
2020-11-11 23:38:48,992 WARN org.springframework.cloud.loadbalancer.config.BlockingLoadBalancerClientAutoConfiguration$BlockingLoadBalancerClientRibbonWarnLogger [restartedMain] You already have RibbonLoadBalancerClient on your classpath. It will be used by default. As Spring Cloud Ribbon is in maintenance mode. We recommend switching to BlockingLoadBalancerClient instead. In order to use it, set the value of `spring.cloud.loadbalancer.ribbon.enabled` to `false` or remove spring-cloud-starter-netflix-ribbon from your project.
2020-11-11 23:38:50,734 INFO org.springframework.boot.actuate.endpoint.web.EndpointLinksResolver [restartedMain] Exposing 2 endpoint(s) beneath base path '/actuator'
2020-11-11 23:38:50,882 INFO org.springframework.cloud.netflix.eureka.InstanceInfoFactory [restartedMain] Setting initial instance status as: STARTING
2020-11-11 23:38:51,050 INFO com.netflix.discovery.DiscoveryClient [restartedMain] Initializing Eureka in region us-east-1
2020-11-11 23:38:51,292 INFO com.netflix.discovery.provider.DiscoveryJerseyProvider [restartedMain] Using JSON encoding codec LegacyJacksonJson
2020-11-11 23:38:51,293 INFO com.netflix.discovery.provider.DiscoveryJerseyProvider [restartedMain] Using JSON decoding codec LegacyJacksonJson
2020-11-11 23:38:51,625 INFO com.netflix.discovery.provider.DiscoveryJerseyProvider [restartedMain] Using XML encoding codec XStreamXml
2020-11-11 23:38:51,626 INFO com.netflix.discovery.provider.DiscoveryJerseyProvider [restartedMain] Using XML decoding codec XStreamXml
2020-11-11 23:38:52,100 INFO com.netflix.discovery.shared.resolver.aws.ConfigClusterResolver [restartedMain] Resolving eureka endpoints via configuration
2020-11-11 23:38:52,978 INFO com.netflix.discovery.DiscoveryClient [restartedMain] Disable delta property : false
2020-11-11 23:38:52,978 INFO com.netflix.discovery.DiscoveryClient [restartedMain] Single vip registry refresh property : null
2020-11-11 23:38:52,979 INFO com.netflix.discovery.DiscoveryClient [restartedMain] Force full registry fetch : false
2020-11-11 23:38:52,979 INFO com.netflix.discovery.DiscoveryClient [restartedMain] Application is null : false
2020-11-11 23:38:52,980 INFO com.netflix.discovery.DiscoveryClient [restartedMain] Registered Applications size is zero : true
2020-11-11 23:38:52,980 INFO com.netflix.discovery.DiscoveryClient [restartedMain] Application version is -1: true
2020-11-11 23:38:52,980 INFO com.netflix.discovery.DiscoveryClient [restartedMain] Getting all instance registry info from the eureka server
2020-11-11 23:38:53,679 INFO com.netflix.discovery.DiscoveryClient [restartedMain] The response status is 200
2020-11-11 23:38:53,684 INFO com.netflix.discovery.DiscoveryClient [restartedMain] Starting heartbeat executor: renew interval is: 30
2020-11-11 23:38:53,690 INFO com.netflix.discovery.InstanceInfoReplicator [restartedMain] InstanceInfoReplicator onDemand update allowed rate per min is 4
2020-11-11 23:38:53,705 INFO com.netflix.discovery.DiscoveryClient [restartedMain] Discovery Client initialized at timestamp 1605118133699 with initial instances count: 0
2020-11-11 23:38:53,757 INFO org.springframework.cloud.netflix.eureka.serviceregistry.EurekaServiceRegistry [restartedMain] Registering application MANAGECURRCONVFACTOR with eureka with status UP
2020-11-11 23:38:53,759 INFO com.netflix.discovery.DiscoveryClient$3 [restartedMain] Saw local status change event StatusChangeEvent [timestamp=1605118133759, current=UP, previous=STARTING]
2020-11-11 23:38:53,767 INFO com.netflix.discovery.DiscoveryClient [DiscoveryClient-InstanceInfoReplicator-0] DiscoveryClient_MANAGECURRCONVFACTOR/DESKTOP-29N9Q4N:managecurrconvfactor:8086: registering service...
2020-11-11 23:38:53,771 INFO org.apache.juli.logging.DirectJDKLog [restartedMain] Starting ProtocolHandler ["http-nio-8086"]
2020-11-11 23:38:53,874 INFO org.springframework.boot.web.embedded.tomcat.TomcatWebServer [restartedMain] Tomcat started on port(s): 8086 (http) with context path ''
2020-11-11 23:38:53,876 INFO org.springframework.cloud.netflix.eureka.serviceregistry.EurekaAutoServiceRegistration [restartedMain] Updating port to 8086
2020-11-11 23:38:54,129 INFO com.netflix.discovery.DiscoveryClient [DiscoveryClient-InstanceInfoReplicator-0] DiscoveryClient_MANAGECURRCONVFACTOR/DESKTOP-29N9Q4N:managecurrconvfactor:8086 - registration status: 204
2020-11-11 23:38:55,700 INFO org.springframework.data.repository.config.DeferredRepositoryInitializationListener [restartedMain] Triggering deferred initialization of Spring Data repositories…
2020-11-11 23:38:56,807 INFO org.springframework.data.repository.config.DeferredRepositoryInitializationListener [restartedMain] Spring Data repositories initialized!
2020-11-11 23:38:57,179 INFO org.springframework.boot.StartupInfoLogger [restartedMain] Started CurrencyConversionFactorMsApplication in 47.938 seconds (JVM running for 54.323)
2020-11-11 23:39:23,689 INFO com.netflix.discovery.DiscoveryClient [DiscoveryClient-CacheRefreshExecutor-0] Disable delta property : false
2020-11-11 23:39:23,690 INFO com.netflix.discovery.DiscoveryClient [DiscoveryClient-CacheRefreshExecutor-0] Single vip registry refresh property : null
2020-11-11 23:39:23,691 INFO com.netflix.discovery.DiscoveryClient [DiscoveryClient-CacheRefreshExecutor-0] Force full registry fetch : false
2020-11-11 23:39:23,693 INFO com.netflix.discovery.DiscoveryClient [DiscoveryClient-CacheRefreshExecutor-0] Application is null : false
2020-11-11 23:39:23,694 INFO com.netflix.discovery.DiscoveryClient [DiscoveryClient-CacheRefreshExecutor-0] Registered Applications size is zero : true
2020-11-11 23:39:23,694 INFO com.netflix.discovery.DiscoveryClient [DiscoveryClient-CacheRefreshExecutor-0] Application version is -1: false
2020-11-11 23:39:23,695 INFO com.netflix.discovery.DiscoveryClient [DiscoveryClient-CacheRefreshExecutor-0] Getting all instance registry info from the eureka server
2020-11-11 23:39:23,772 INFO com.netflix.discovery.DiscoveryClient [DiscoveryClient-CacheRefreshExecutor-0] The response status is 200
2020-11-11 23:43:53,028 INFO com.netflix.discovery.shared.resolver.aws.ConfigClusterResolver [AsyncResolver-bootstrap-executor-0] Resolving eureka endpoints via configuration
2020-11-11 23:44:03,123 INFO org.apache.juli.logging.DirectJDKLog [http-nio-8086-exec-1] Initializing Spring DispatcherServlet 'dispatcherServlet'
2020-11-11 23:44:03,124 INFO org.springframework.web.servlet.FrameworkServlet [http-nio-8086-exec-1] Initializing Servlet 'dispatcherServlet'
2020-11-11 23:44:03,198 INFO org.springframework.web.servlet.FrameworkServlet [http-nio-8086-exec-1] Completed initialization in 73 ms
2020-11-11 23:44:26,668 INFO com.activity.microservice.controller.CurrencyConversionFactorController [http-nio-8086-exec-3] Start controller - getCurrencyConversionFactor 
2020-11-11 23:44:26,669 INFO com.activity.microservice.service.CurrencyConversionFactorService [http-nio-8086-exec-3] Service - getCurrencyConversionFactor 
2020-11-11 23:44:26,670 INFO com.activity.microservice.dao.CurrencyConversionFactorDao [http-nio-8086-exec-3] Dao - getCurrencyConversionFactor 
2020-11-11 23:44:26,679 INFO com.activity.microservice.dao.CurrencyConversionFactorDao [http-nio-8086-exec-3] Dao - getCurrencyConversionFactor 
2020-11-11 23:45:01,164 INFO com.activity.microservice.controller.CurrencyConversionFactorController [http-nio-8086-exec-4] Start controller - getCurrencyConversionFactor 
2020-11-11 23:45:01,165 INFO com.activity.microservice.service.CurrencyConversionFactorService [http-nio-8086-exec-4] Service - getCurrencyConversionFactor 
2020-11-11 23:45:01,167 INFO com.activity.microservice.dao.CurrencyConversionFactorDao [http-nio-8086-exec-4] Dao - getCurrencyConversionFactor 
2020-11-11 23:45:01,174 INFO com.activity.microservice.dao.CurrencyConversionFactorDao [http-nio-8086-exec-4] Dao - getCurrencyConversionFactor 
2020-11-11 23:46:08,350 INFO com.activity.microservice.controller.CurrencyConversionFactorController [http-nio-8086-exec-5] Start controller - getCurrencyConversionFactor 
2020-11-11 23:46:08,351 INFO com.activity.microservice.service.CurrencyConversionFactorService [http-nio-8086-exec-5] Service - getCurrencyConversionFactor 
2020-11-11 23:46:08,352 INFO com.activity.microservice.dao.CurrencyConversionFactorDao [http-nio-8086-exec-5] Dao - getCurrencyConversionFactor 
2020-11-11 23:46:08,358 INFO com.activity.microservice.dao.CurrencyConversionFactorDao [http-nio-8086-exec-5] Dao - getCurrencyConversionFactor 
2020-11-11 23:46:35,619 INFO com.activity.microservice.controller.CurrencyConversionFactorController [http-nio-8086-exec-8] Start controller - getCurrencyConversionFactor 
2020-11-11 23:46:35,620 INFO com.activity.microservice.service.CurrencyConversionFactorService [http-nio-8086-exec-8] Service - getCurrencyConversionFactor 
2020-11-11 23:46:35,621 INFO com.activity.microservice.dao.CurrencyConversionFactorDao [http-nio-8086-exec-8] Dao - getCurrencyConversionFactor 
2020-11-11 23:46:35,625 INFO com.activity.microservice.dao.CurrencyConversionFactorDao [http-nio-8086-exec-8] Dao - getCurrencyConversionFactor 
2020-11-11 23:47:04,720 INFO com.activity.microservice.controller.CurrencyConversionFactorController [http-nio-8086-exec-10] Start controller - getCurrencyConversionFactor 
2020-11-11 23:47:04,721 INFO com.activity.microservice.service.CurrencyConversionFactorService [http-nio-8086-exec-10] Service - getCurrencyConversionFactor 
2020-11-11 23:47:04,722 INFO com.activity.microservice.dao.CurrencyConversionFactorDao [http-nio-8086-exec-10] Dao - getCurrencyConversionFactor 
2020-11-11 23:47:04,726 INFO com.activity.microservice.dao.CurrencyConversionFactorDao [http-nio-8086-exec-10] Dao - getCurrencyConversionFactor 
2020-11-11 23:48:53,052 INFO com.netflix.discovery.shared.resolver.aws.ConfigClusterResolver [AsyncResolver-bootstrap-executor-0] Resolving eureka endpoints via configuration
2020-11-11 23:53:53,067 INFO com.netflix.discovery.shared.resolver.aws.ConfigClusterResolver [AsyncResolver-bootstrap-executor-0] Resolving eureka endpoints via configuration
2020-11-11 23:54:02,010 INFO org.springframework.boot.admin.SpringApplicationAdminMXBeanRegistrar$SpringApplicationAdmin [RMI TCP Connection(25)-127.0.0.1] Application shutdown requested.
2020-11-11 23:54:02,021 INFO org.springframework.cloud.netflix.eureka.serviceregistry.EurekaServiceRegistry [RMI TCP Connection(25)-127.0.0.1] Unregistering application MANAGECURRCONVFACTOR with eureka with status DOWN
2020-11-11 23:54:02,024 WARN com.netflix.discovery.DiscoveryClient$3 [RMI TCP Connection(25)-127.0.0.1] Saw local status change event StatusChangeEvent [timestamp=1605119042024, current=DOWN, previous=UP]
2020-11-11 23:54:02,026 INFO com.netflix.discovery.DiscoveryClient [DiscoveryClient-InstanceInfoReplicator-0] DiscoveryClient_MANAGECURRCONVFACTOR/DESKTOP-29N9Q4N:managecurrconvfactor:8086: registering service...
2020-11-11 23:54:02,044 INFO com.netflix.discovery.DiscoveryClient [DiscoveryClient-InstanceInfoReplicator-0] DiscoveryClient_MANAGECURRCONVFACTOR/DESKTOP-29N9Q4N:managecurrconvfactor:8086 - registration status: 204
2020-11-11 23:54:02,050 INFO org.apache.juli.logging.DirectJDKLog [RMI TCP Connection(25)-127.0.0.1] Pausing ProtocolHandler ["http-nio-8086"]
2020-11-11 23:54:03,045 INFO org.apache.juli.logging.DirectJDKLog [RMI TCP Connection(25)-127.0.0.1] Stopping service [Tomcat]
2020-11-11 23:54:03,055 INFO org.apache.juli.logging.DirectJDKLog [RMI TCP Connection(25)-127.0.0.1] Destroying Spring FrameworkServlet 'dispatcherServlet'
2020-11-11 23:54:03,090 WARN org.apache.juli.logging.DirectJDKLog [RMI TCP Connection(25)-127.0.0.1] The web application [ROOT] appears to have started a thread named [AsyncReporter{org.springframework.cloud.sleuth.zipkin2.sender.RestTemplateSender@76f3b013}] but has failed to stop it. This is very likely to create a memory leak. Stack trace of thread:
 sun.misc.Unsafe.park(Native Method)
 java.util.concurrent.locks.LockSupport.parkNanos(Unknown Source)
 java.util.concurrent.locks.AbstractQueuedSynchronizer$ConditionObject.awaitNanos(Unknown Source)
 zipkin2.reporter.ByteBoundedQueue.drainTo(ByteBoundedQueue.java:81)
 zipkin2.reporter.AsyncReporter$BoundedAsyncReporter.flush(AsyncReporter.java:256)
 zipkin2.reporter.AsyncReporter$Flusher.run(AsyncReporter.java:354)
 java.lang.Thread.run(Unknown Source)
2020-11-11 23:54:03,094 INFO org.apache.juli.logging.DirectJDKLog [RMI TCP Connection(25)-127.0.0.1] Stopping ProtocolHandler ["http-nio-8086"]
2020-11-11 23:54:03,104 INFO org.apache.juli.logging.DirectJDKLog [RMI TCP Connection(25)-127.0.0.1] Destroying ProtocolHandler ["http-nio-8086"]
2020-11-11 23:54:03,144 INFO org.springframework.orm.jpa.AbstractEntityManagerFactoryBean [RMI TCP Connection(25)-127.0.0.1] Closing JPA EntityManagerFactory for persistence unit 'default'
2020-11-11 23:54:03,175 INFO org.springframework.scheduling.concurrent.ExecutorConfigurationSupport [RMI TCP Connection(25)-127.0.0.1] Shutting down ExecutorService 'applicationTaskExecutor'
2020-11-11 23:54:03,578 INFO com.netflix.discovery.DiscoveryClient [RMI TCP Connection(25)-127.0.0.1] Shutting down DiscoveryClient ...
2020-11-11 23:54:06,595 INFO com.netflix.discovery.DiscoveryClient [RMI TCP Connection(25)-127.0.0.1] Unregistering ...
2020-11-11 23:54:06,637 INFO com.netflix.discovery.DiscoveryClient [RMI TCP Connection(25)-127.0.0.1] DiscoveryClient_MANAGECURRCONVFACTOR/DESKTOP-29N9Q4N:managecurrconvfactor:8086 - deregister  status: 200
2020-11-11 23:54:06,665 INFO com.netflix.discovery.DiscoveryClient [RMI TCP Connection(25)-127.0.0.1] Completed shut down of DiscoveryClient
2020-11-11 23:54:06,666 INFO com.zaxxer.hikari.HikariDataSource [RMI TCP Connection(25)-127.0.0.1] HikariPool-1 - Shutdown initiated...
2020-11-11 23:54:06,708 INFO com.zaxxer.hikari.HikariDataSource [RMI TCP Connection(25)-127.0.0.1] HikariPool-1 - Shutdown completed.
