2020-09-16 00:10:34,476 INFO org.springframework.boot.logging.DeferredLog [restartedMain] Devtools property defaults active! Set 'spring.devtools.add-properties' to 'false' to disable
2020-09-16 00:10:37,744 INFO org.springframework.cloud.config.client.ConfigServicePropertySourceLocator [restartedMain] Fetching config from server at : http://localhost:8888
2020-09-16 00:10:40,105 INFO org.springframework.cloud.config.client.ConfigServicePropertySourceLocator [restartedMain] Connect Timeout Exception on Url - http://localhost:8888. Will be trying the next url if available
2020-09-16 00:10:40,107 WARN org.springframework.cloud.config.client.ConfigServicePropertySourceLocator [restartedMain] Could not locate PropertySource: I/O error on GET request for "http://localhost:8888/managecurrconvfactor/default": Connection refused: connect; nested exception is java.net.ConnectException: Connection refused: connect
2020-09-16 00:10:40,111 INFO org.springframework.boot.SpringApplication [restartedMain] No active profile set, falling back to default profiles: default
2020-09-16 00:10:42,215 INFO org.springframework.data.repository.config.RepositoryConfigurationDelegate [restartedMain] Bootstrapping Spring Data JPA repositories in DEFERRED mode.
2020-09-16 00:10:42,377 INFO org.springframework.data.repository.config.RepositoryConfigurationDelegate [restartedMain] Finished Spring Data repository scanning in 141ms. Found 1 JPA repository interfaces.
2020-09-16 00:10:43,111 INFO org.springframework.cloud.context.scope.GenericScope [restartedMain] BeanFactory id=64e74e39-efbc-3d5a-be8d-992d9f6de71a
2020-09-16 00:10:44,700 INFO org.springframework.boot.web.embedded.tomcat.TomcatWebServer [restartedMain] Tomcat initialized with port(s): 8086 (http)
2020-09-16 00:10:44,719 INFO org.apache.juli.logging.DirectJDKLog [restartedMain] Initializing ProtocolHandler ["http-nio-8086"]
2020-09-16 00:10:44,721 INFO org.apache.juli.logging.DirectJDKLog [restartedMain] Starting service [Tomcat]
2020-09-16 00:10:44,722 INFO org.apache.juli.logging.DirectJDKLog [restartedMain] Starting Servlet engine: [Apache Tomcat/9.0.35]
2020-09-16 00:10:46,072 INFO org.apache.juli.logging.DirectJDKLog [restartedMain] Initializing Spring embedded WebApplicationContext
2020-09-16 00:10:46,073 INFO org.springframework.boot.web.servlet.context.ServletWebServerApplicationContext [restartedMain] Root WebApplicationContext: initialization completed in 5929 ms
2020-09-16 00:10:46,314 WARN com.netflix.config.sources.URLConfigurationSource [restartedMain] No URLs will be polled as dynamic configuration sources.
2020-09-16 00:10:46,315 INFO com.netflix.config.sources.URLConfigurationSource [restartedMain] To enable URLs as dynamic configuration sources, define System property archaius.configurationSource.additionalUrls or make config.properties available on classpath.
2020-09-16 00:10:46,362 INFO com.netflix.config.DynamicPropertyFactory [restartedMain] DynamicPropertyFactory is initialized with configuration sources: com.netflix.config.ConcurrentCompositeConfiguration@5748c8a
2020-09-16 00:10:46,437 WARN org.springframework.boot.actuate.endpoint.EndpointId [restartedMain] Endpoint ID 'service-registry' contains invalid characters, please migrate to a valid format.
2020-09-16 00:10:46,794 INFO org.springframework.scheduling.concurrent.ExecutorConfigurationSupport [restartedMain] Initializing ExecutorService 'applicationTaskExecutor'
2020-09-16 00:10:46,938 INFO org.hibernate.jpa.internal.util.LogHelper [task-1] HHH000204: Processing PersistenceUnitInfo [name: default]
2020-09-16 00:10:46,963 WARN com.netflix.config.sources.URLConfigurationSource [restartedMain] No URLs will be polled as dynamic configuration sources.
2020-09-16 00:10:46,964 INFO com.netflix.config.sources.URLConfigurationSource [restartedMain] To enable URLs as dynamic configuration sources, define System property archaius.configurationSource.additionalUrls or make config.properties available on classpath.
2020-09-16 00:10:47,073 WARN org.springframework.boot.autoconfigure.orm.jpa.JpaBaseConfiguration$JpaWebConfiguration [restartedMain] spring.jpa.open-in-view is enabled by default. Therefore, database queries may be performed during view rendering. Explicitly configure spring.jpa.open-in-view to disable this warning
2020-09-16 00:10:47,080 INFO org.hibernate.Version [task-1] HHH000412: Hibernate ORM core version 5.4.15.Final
2020-09-16 00:10:47,533 INFO org.hibernate.annotations.common.reflection.java.JavaReflectionManager [task-1] HCANN000001: Hibernate Commons Annotations {5.1.0.Final}
2020-09-16 00:10:47,755 INFO com.zaxxer.hikari.HikariDataSource [task-1] HikariPool-1 - Starting...
2020-09-16 00:10:49,312 INFO com.zaxxer.hikari.HikariDataSource [task-1] HikariPool-1 - Start completed.
2020-09-16 00:10:49,345 INFO org.hibernate.dialect.Dialect [task-1] HHH000400: Using dialect: org.hibernate.dialect.MySQL8Dialect
2020-09-16 00:10:50,959 INFO org.hibernate.engine.transaction.jta.platform.internal.JtaPlatformInitiator [task-1] HHH000490: Using JtaPlatform implementation: [org.hibernate.engine.transaction.jta.platform.internal.NoJtaPlatform]
2020-09-16 00:10:50,978 INFO org.springframework.orm.jpa.AbstractEntityManagerFactoryBean [task-1] Initialized JPA EntityManagerFactory for persistence unit 'default'
2020-09-16 00:10:51,785 INFO org.springframework.boot.devtools.autoconfigure.OptionalLiveReloadServer [task-2] LiveReload server is running on port 35729
2020-09-16 00:10:57,048 WARN org.springframework.cloud.loadbalancer.config.BlockingLoadBalancerClientAutoConfiguration$BlockingLoadBalancerClientRibbonWarnLogger [restartedMain] You already have RibbonLoadBalancerClient on your classpath. It will be used by default. As Spring Cloud Ribbon is in maintenance mode. We recommend switching to BlockingLoadBalancerClient instead. In order to use it, set the value of `spring.cloud.loadbalancer.ribbon.enabled` to `false` or remove spring-cloud-starter-netflix-ribbon from your project.
2020-09-16 00:10:57,145 INFO org.springframework.boot.actuate.endpoint.web.EndpointLinksResolver [restartedMain] Exposing 2 endpoint(s) beneath base path '/actuator'
2020-09-16 00:10:57,391 INFO org.springframework.cloud.netflix.eureka.InstanceInfoFactory [restartedMain] Setting initial instance status as: STARTING
2020-09-16 00:10:57,476 INFO com.netflix.discovery.DiscoveryClient [restartedMain] Initializing Eureka in region us-east-1
2020-09-16 00:10:57,650 INFO com.netflix.discovery.provider.DiscoveryJerseyProvider [restartedMain] Using JSON encoding codec LegacyJacksonJson
2020-09-16 00:10:57,650 INFO com.netflix.discovery.provider.DiscoveryJerseyProvider [restartedMain] Using JSON decoding codec LegacyJacksonJson
2020-09-16 00:10:57,930 INFO com.netflix.discovery.provider.DiscoveryJerseyProvider [restartedMain] Using XML encoding codec XStreamXml
2020-09-16 00:10:57,930 INFO com.netflix.discovery.provider.DiscoveryJerseyProvider [restartedMain] Using XML decoding codec XStreamXml
2020-09-16 00:10:58,382 INFO com.netflix.discovery.shared.resolver.aws.ConfigClusterResolver [restartedMain] Resolving eureka endpoints via configuration
2020-09-16 00:10:59,301 INFO com.netflix.discovery.DiscoveryClient [restartedMain] Disable delta property : false
2020-09-16 00:10:59,302 INFO com.netflix.discovery.DiscoveryClient [restartedMain] Single vip registry refresh property : null
2020-09-16 00:10:59,303 INFO com.netflix.discovery.DiscoveryClient [restartedMain] Force full registry fetch : false
2020-09-16 00:10:59,303 INFO com.netflix.discovery.DiscoveryClient [restartedMain] Application is null : false
2020-09-16 00:10:59,304 INFO com.netflix.discovery.DiscoveryClient [restartedMain] Registered Applications size is zero : true
2020-09-16 00:10:59,305 INFO com.netflix.discovery.DiscoveryClient [restartedMain] Application version is -1: true
2020-09-16 00:10:59,305 INFO com.netflix.discovery.DiscoveryClient [restartedMain] Getting all instance registry info from the eureka server
2020-09-16 00:10:59,843 INFO com.netflix.discovery.DiscoveryClient [restartedMain] The response status is 200
2020-09-16 00:10:59,849 INFO com.netflix.discovery.DiscoveryClient [restartedMain] Starting heartbeat executor: renew interval is: 30
2020-09-16 00:10:59,856 INFO com.netflix.discovery.InstanceInfoReplicator [restartedMain] InstanceInfoReplicator onDemand update allowed rate per min is 4
2020-09-16 00:10:59,868 INFO com.netflix.discovery.DiscoveryClient [restartedMain] Discovery Client initialized at timestamp 1600195259863 with initial instances count: 0
2020-09-16 00:10:59,872 INFO org.springframework.cloud.netflix.eureka.serviceregistry.EurekaServiceRegistry [restartedMain] Registering application MANAGECURRCONVFACTOR with eureka with status UP
2020-09-16 00:10:59,873 INFO com.netflix.discovery.DiscoveryClient$3 [restartedMain] Saw local status change event StatusChangeEvent [timestamp=1600195259873, current=UP, previous=STARTING]
2020-09-16 00:10:59,877 INFO org.apache.juli.logging.DirectJDKLog [restartedMain] Starting ProtocolHandler ["http-nio-8086"]
2020-09-16 00:10:59,878 INFO com.netflix.discovery.DiscoveryClient [DiscoveryClient-InstanceInfoReplicator-0] DiscoveryClient_MANAGECURRCONVFACTOR/DESKTOP-29N9Q4N:managecurrconvfactor:8086: registering service...
2020-09-16 00:10:59,976 INFO org.springframework.boot.web.embedded.tomcat.TomcatWebServer [restartedMain] Tomcat started on port(s): 8086 (http) with context path ''
2020-09-16 00:10:59,979 INFO org.springframework.cloud.netflix.eureka.serviceregistry.EurekaAutoServiceRegistration [restartedMain] Updating port to 8086
2020-09-16 00:11:00,211 INFO com.netflix.discovery.DiscoveryClient [DiscoveryClient-InstanceInfoReplicator-0] DiscoveryClient_MANAGECURRCONVFACTOR/DESKTOP-29N9Q4N:managecurrconvfactor:8086 - registration status: 204
2020-09-16 00:11:01,781 INFO org.springframework.data.repository.config.DeferredRepositoryInitializationListener [restartedMain] Triggering deferred initialization of Spring Data repositories…
2020-09-16 00:11:02,107 INFO org.springframework.data.repository.config.DeferredRepositoryInitializationListener [restartedMain] Spring Data repositories initialized!
2020-09-16 00:11:02,128 INFO org.springframework.boot.StartupInfoLogger [restartedMain] Started CurrencyConversionFactorMsApplication in 29.684 seconds (JVM running for 34.913)
2020-09-16 00:11:29,851 INFO com.netflix.discovery.DiscoveryClient [DiscoveryClient-CacheRefreshExecutor-0] Disable delta property : false
2020-09-16 00:11:29,852 INFO com.netflix.discovery.DiscoveryClient [DiscoveryClient-CacheRefreshExecutor-0] Single vip registry refresh property : null
2020-09-16 00:11:29,852 INFO com.netflix.discovery.DiscoveryClient [DiscoveryClient-CacheRefreshExecutor-0] Force full registry fetch : false
2020-09-16 00:11:29,852 INFO com.netflix.discovery.DiscoveryClient [DiscoveryClient-CacheRefreshExecutor-0] Application is null : false
2020-09-16 00:11:29,853 INFO com.netflix.discovery.DiscoveryClient [DiscoveryClient-CacheRefreshExecutor-0] Registered Applications size is zero : true
2020-09-16 00:11:29,853 INFO com.netflix.discovery.DiscoveryClient [DiscoveryClient-CacheRefreshExecutor-0] Application version is -1: false
2020-09-16 00:11:29,854 INFO com.netflix.discovery.DiscoveryClient [DiscoveryClient-CacheRefreshExecutor-0] Getting all instance registry info from the eureka server
2020-09-16 00:11:29,862 INFO com.netflix.discovery.DiscoveryClient [DiscoveryClient-CacheRefreshExecutor-0] The response status is 200
2020-09-16 00:11:59,866 INFO com.netflix.discovery.DiscoveryClient [DiscoveryClient-CacheRefreshExecutor-0] Disable delta property : false
2020-09-16 00:11:59,868 INFO com.netflix.discovery.DiscoveryClient [DiscoveryClient-CacheRefreshExecutor-0] Single vip registry refresh property : null
2020-09-16 00:11:59,870 INFO com.netflix.discovery.DiscoveryClient [DiscoveryClient-CacheRefreshExecutor-0] Force full registry fetch : false
2020-09-16 00:11:59,870 INFO com.netflix.discovery.DiscoveryClient [DiscoveryClient-CacheRefreshExecutor-0] Application is null : false
2020-09-16 00:11:59,871 INFO com.netflix.discovery.DiscoveryClient [DiscoveryClient-CacheRefreshExecutor-0] Registered Applications size is zero : true
2020-09-16 00:11:59,872 INFO com.netflix.discovery.DiscoveryClient [DiscoveryClient-CacheRefreshExecutor-0] Application version is -1: false
2020-09-16 00:11:59,872 INFO com.netflix.discovery.DiscoveryClient [DiscoveryClient-CacheRefreshExecutor-0] Getting all instance registry info from the eureka server
2020-09-16 00:11:59,908 INFO com.netflix.discovery.DiscoveryClient [DiscoveryClient-CacheRefreshExecutor-0] The response status is 200
2020-09-16 00:12:54,768 INFO org.apache.juli.logging.DirectJDKLog [http-nio-8086-exec-2] Initializing Spring DispatcherServlet 'dispatcherServlet'
2020-09-16 00:12:54,769 INFO org.springframework.web.servlet.FrameworkServlet [http-nio-8086-exec-2] Initializing Servlet 'dispatcherServlet'
2020-09-16 00:12:54,782 INFO org.springframework.web.servlet.FrameworkServlet [http-nio-8086-exec-2] Completed initialization in 13 ms
2020-09-16 00:12:54,832 INFO com.activity.microservice.controller.CurrencyConversionFactorController [http-nio-8086-exec-2] Start controller - getCurrencyConversionFactor 
2020-09-16 00:12:54,833 INFO com.activity.microservice.service.CurrencyConversionFactorService [http-nio-8086-exec-2] Service - getCurrencyConversionFactor 
2020-09-16 00:12:54,834 INFO com.activity.microservice.dao.CurrencyConversionFactorDao [http-nio-8086-exec-2] Dao - getCurrencyConversionFactor 
2020-09-16 00:12:54,941 INFO com.activity.microservice.dao.CurrencyConversionFactorDao [http-nio-8086-exec-2] Dao - getCurrencyConversionFactor 
2020-09-16 00:13:03,052 INFO org.springframework.boot.admin.SpringApplicationAdminMXBeanRegistrar$SpringApplicationAdmin [RMI TCP Connection(12)-127.0.0.1] Application shutdown requested.
2020-09-16 00:13:03,054 INFO org.springframework.cloud.netflix.eureka.serviceregistry.EurekaServiceRegistry [RMI TCP Connection(12)-127.0.0.1] Unregistering application MANAGECURRCONVFACTOR with eureka with status DOWN
2020-09-16 00:13:03,055 WARN com.netflix.discovery.DiscoveryClient$3 [RMI TCP Connection(12)-127.0.0.1] Saw local status change event StatusChangeEvent [timestamp=1600195383055, current=DOWN, previous=UP]
2020-09-16 00:13:03,056 INFO com.netflix.discovery.DiscoveryClient [DiscoveryClient-InstanceInfoReplicator-0] DiscoveryClient_MANAGECURRCONVFACTOR/DESKTOP-29N9Q4N:managecurrconvfactor:8086: registering service...
2020-09-16 00:13:03,064 INFO org.apache.juli.logging.DirectJDKLog [RMI TCP Connection(12)-127.0.0.1] Pausing ProtocolHandler ["http-nio-8086"]
2020-09-16 00:13:03,076 INFO com.netflix.discovery.DiscoveryClient [DiscoveryClient-InstanceInfoReplicator-0] DiscoveryClient_MANAGECURRCONVFACTOR/DESKTOP-29N9Q4N:managecurrconvfactor:8086 - registration status: 204
2020-09-16 00:13:04,026 INFO org.apache.juli.logging.DirectJDKLog [RMI TCP Connection(12)-127.0.0.1] Stopping service [Tomcat]
2020-09-16 00:13:04,033 INFO org.apache.juli.logging.DirectJDKLog [RMI TCP Connection(12)-127.0.0.1] Destroying Spring FrameworkServlet 'dispatcherServlet'
2020-09-16 00:13:04,042 INFO org.apache.juli.logging.DirectJDKLog [RMI TCP Connection(12)-127.0.0.1] Stopping ProtocolHandler ["http-nio-8086"]
2020-09-16 00:13:04,051 INFO org.apache.juli.logging.DirectJDKLog [RMI TCP Connection(12)-127.0.0.1] Destroying ProtocolHandler ["http-nio-8086"]
2020-09-16 00:13:04,064 INFO org.springframework.orm.jpa.AbstractEntityManagerFactoryBean [RMI TCP Connection(12)-127.0.0.1] Closing JPA EntityManagerFactory for persistence unit 'default'
2020-09-16 00:13:04,070 INFO org.springframework.scheduling.concurrent.ExecutorConfigurationSupport [RMI TCP Connection(12)-127.0.0.1] Shutting down ExecutorService 'applicationTaskExecutor'
2020-09-16 00:13:04,077 INFO com.netflix.discovery.DiscoveryClient [RMI TCP Connection(12)-127.0.0.1] Shutting down DiscoveryClient ...
2020-09-16 01:30:58,520 INFO org.springframework.boot.logging.DeferredLog [restartedMain] Devtools property defaults active! Set 'spring.devtools.add-properties' to 'false' to disable
2020-09-16 01:31:00,446 INFO org.springframework.cloud.config.client.ConfigServicePropertySourceLocator [restartedMain] Fetching config from server at : http://localhost:8888
2020-09-16 01:31:02,631 INFO org.springframework.cloud.config.client.ConfigServicePropertySourceLocator [restartedMain] Connect Timeout Exception on Url - http://localhost:8888. Will be trying the next url if available
2020-09-16 01:31:02,634 WARN org.springframework.cloud.config.client.ConfigServicePropertySourceLocator [restartedMain] Could not locate PropertySource: I/O error on GET request for "http://localhost:8888/managecurrconvfactor/default": Connection refused: connect; nested exception is java.net.ConnectException: Connection refused: connect
2020-09-16 01:31:02,640 INFO org.springframework.boot.SpringApplication [restartedMain] No active profile set, falling back to default profiles: default
2020-09-16 01:31:04,801 INFO org.springframework.data.repository.config.RepositoryConfigurationDelegate [restartedMain] Bootstrapping Spring Data JPA repositories in DEFERRED mode.
2020-09-16 01:31:04,946 INFO org.springframework.data.repository.config.RepositoryConfigurationDelegate [restartedMain] Finished Spring Data repository scanning in 126ms. Found 1 JPA repository interfaces.
2020-09-16 01:31:05,516 INFO org.springframework.cloud.context.scope.GenericScope [restartedMain] BeanFactory id=64e74e39-efbc-3d5a-be8d-992d9f6de71a
2020-09-16 01:31:07,074 INFO org.springframework.boot.web.embedded.tomcat.TomcatWebServer [restartedMain] Tomcat initialized with port(s): 8086 (http)
2020-09-16 01:31:07,091 INFO org.apache.juli.logging.DirectJDKLog [restartedMain] Initializing ProtocolHandler ["http-nio-8086"]
2020-09-16 01:31:07,092 INFO org.apache.juli.logging.DirectJDKLog [restartedMain] Starting service [Tomcat]
2020-09-16 01:31:07,093 INFO org.apache.juli.logging.DirectJDKLog [restartedMain] Starting Servlet engine: [Apache Tomcat/9.0.35]
2020-09-16 01:31:08,317 INFO org.apache.juli.logging.DirectJDKLog [restartedMain] Initializing Spring embedded WebApplicationContext
2020-09-16 01:31:08,318 INFO org.springframework.boot.web.servlet.context.ServletWebServerApplicationContext [restartedMain] Root WebApplicationContext: initialization completed in 5638 ms
2020-09-16 01:31:08,442 WARN com.netflix.config.sources.URLConfigurationSource [restartedMain] No URLs will be polled as dynamic configuration sources.
2020-09-16 01:31:08,443 INFO com.netflix.config.sources.URLConfigurationSource [restartedMain] To enable URLs as dynamic configuration sources, define System property archaius.configurationSource.additionalUrls or make config.properties available on classpath.
2020-09-16 01:31:08,475 INFO com.netflix.config.DynamicPropertyFactory [restartedMain] DynamicPropertyFactory is initialized with configuration sources: com.netflix.config.ConcurrentCompositeConfiguration@6617f3a8
2020-09-16 01:31:08,534 WARN org.springframework.boot.actuate.endpoint.EndpointId [restartedMain] Endpoint ID 'service-registry' contains invalid characters, please migrate to a valid format.
2020-09-16 01:31:08,893 INFO org.springframework.scheduling.concurrent.ExecutorConfigurationSupport [restartedMain] Initializing ExecutorService 'applicationTaskExecutor'
2020-09-16 01:31:09,055 INFO org.hibernate.jpa.internal.util.LogHelper [task-1] HHH000204: Processing PersistenceUnitInfo [name: default]
2020-09-16 01:31:09,092 WARN com.netflix.config.sources.URLConfigurationSource [restartedMain] No URLs will be polled as dynamic configuration sources.
2020-09-16 01:31:09,093 INFO com.netflix.config.sources.URLConfigurationSource [restartedMain] To enable URLs as dynamic configuration sources, define System property archaius.configurationSource.additionalUrls or make config.properties available on classpath.
2020-09-16 01:31:09,257 WARN org.springframework.boot.autoconfigure.orm.jpa.JpaBaseConfiguration$JpaWebConfiguration [restartedMain] spring.jpa.open-in-view is enabled by default. Therefore, database queries may be performed during view rendering. Explicitly configure spring.jpa.open-in-view to disable this warning
2020-09-16 01:31:09,273 INFO org.hibernate.Version [task-1] HHH000412: Hibernate ORM core version 5.4.15.Final
2020-09-16 01:31:09,652 INFO org.hibernate.annotations.common.reflection.java.JavaReflectionManager [task-1] HCANN000001: Hibernate Commons Annotations {5.1.0.Final}
2020-09-16 01:31:09,865 INFO com.zaxxer.hikari.HikariDataSource [task-1] HikariPool-1 - Starting...
2020-09-16 01:31:11,390 INFO com.zaxxer.hikari.HikariDataSource [task-1] HikariPool-1 - Start completed.
2020-09-16 01:31:11,425 INFO org.hibernate.dialect.Dialect [task-1] HHH000400: Using dialect: org.hibernate.dialect.MySQL8Dialect
2020-09-16 01:31:13,154 INFO org.hibernate.engine.transaction.jta.platform.internal.JtaPlatformInitiator [task-1] HHH000490: Using JtaPlatform implementation: [org.hibernate.engine.transaction.jta.platform.internal.NoJtaPlatform]
2020-09-16 01:31:13,174 INFO org.springframework.orm.jpa.AbstractEntityManagerFactoryBean [task-1] Initialized JPA EntityManagerFactory for persistence unit 'default'
2020-09-16 01:31:13,749 INFO org.springframework.boot.devtools.autoconfigure.OptionalLiveReloadServer [task-2] LiveReload server is running on port 35729
2020-09-16 01:31:18,479 WARN org.springframework.cloud.loadbalancer.config.BlockingLoadBalancerClientAutoConfiguration$BlockingLoadBalancerClientRibbonWarnLogger [restartedMain] You already have RibbonLoadBalancerClient on your classpath. It will be used by default. As Spring Cloud Ribbon is in maintenance mode. We recommend switching to BlockingLoadBalancerClient instead. In order to use it, set the value of `spring.cloud.loadbalancer.ribbon.enabled` to `false` or remove spring-cloud-starter-netflix-ribbon from your project.
2020-09-16 01:31:18,561 INFO org.springframework.boot.actuate.endpoint.web.EndpointLinksResolver [restartedMain] Exposing 2 endpoint(s) beneath base path '/actuator'
2020-09-16 01:31:18,690 INFO org.springframework.cloud.netflix.eureka.InstanceInfoFactory [restartedMain] Setting initial instance status as: STARTING
2020-09-16 01:31:18,771 INFO com.netflix.discovery.DiscoveryClient [restartedMain] Initializing Eureka in region us-east-1
2020-09-16 01:31:18,918 INFO com.netflix.discovery.provider.DiscoveryJerseyProvider [restartedMain] Using JSON encoding codec LegacyJacksonJson
2020-09-16 01:31:18,919 INFO com.netflix.discovery.provider.DiscoveryJerseyProvider [restartedMain] Using JSON decoding codec LegacyJacksonJson
2020-09-16 01:31:19,198 INFO com.netflix.discovery.provider.DiscoveryJerseyProvider [restartedMain] Using XML encoding codec XStreamXml
2020-09-16 01:31:19,199 INFO com.netflix.discovery.provider.DiscoveryJerseyProvider [restartedMain] Using XML decoding codec XStreamXml
2020-09-16 01:31:19,613 INFO com.netflix.discovery.shared.resolver.aws.ConfigClusterResolver [restartedMain] Resolving eureka endpoints via configuration
2020-09-16 01:31:20,634 INFO com.netflix.discovery.DiscoveryClient [restartedMain] Disable delta property : false
2020-09-16 01:31:20,635 INFO com.netflix.discovery.DiscoveryClient [restartedMain] Single vip registry refresh property : null
2020-09-16 01:31:20,635 INFO com.netflix.discovery.DiscoveryClient [restartedMain] Force full registry fetch : false
2020-09-16 01:31:20,636 INFO com.netflix.discovery.DiscoveryClient [restartedMain] Application is null : false
2020-09-16 01:31:20,637 INFO com.netflix.discovery.DiscoveryClient [restartedMain] Registered Applications size is zero : true
2020-09-16 01:31:20,637 INFO com.netflix.discovery.DiscoveryClient [restartedMain] Application version is -1: true
2020-09-16 01:31:20,638 INFO com.netflix.discovery.DiscoveryClient [restartedMain] Getting all instance registry info from the eureka server
2020-09-16 01:31:21,276 INFO com.netflix.discovery.DiscoveryClient [restartedMain] The response status is 200
2020-09-16 01:31:21,282 INFO com.netflix.discovery.DiscoveryClient [restartedMain] Starting heartbeat executor: renew interval is: 30
2020-09-16 01:31:21,289 INFO com.netflix.discovery.InstanceInfoReplicator [restartedMain] InstanceInfoReplicator onDemand update allowed rate per min is 4
2020-09-16 01:31:21,304 INFO com.netflix.discovery.DiscoveryClient [restartedMain] Discovery Client initialized at timestamp 1600200081298 with initial instances count: 0
2020-09-16 01:31:21,310 INFO org.springframework.cloud.netflix.eureka.serviceregistry.EurekaServiceRegistry [restartedMain] Registering application MANAGECURRCONVFACTOR with eureka with status UP
2020-09-16 01:31:21,312 INFO com.netflix.discovery.DiscoveryClient$3 [restartedMain] Saw local status change event StatusChangeEvent [timestamp=1600200081312, current=UP, previous=STARTING]
2020-09-16 01:31:21,322 INFO com.netflix.discovery.DiscoveryClient [DiscoveryClient-InstanceInfoReplicator-0] DiscoveryClient_MANAGECURRCONVFACTOR/DESKTOP-29N9Q4N:managecurrconvfactor:8086: registering service...
2020-09-16 01:31:21,323 INFO org.apache.juli.logging.DirectJDKLog [restartedMain] Starting ProtocolHandler ["http-nio-8086"]
2020-09-16 01:31:21,431 INFO org.springframework.boot.web.embedded.tomcat.TomcatWebServer [restartedMain] Tomcat started on port(s): 8086 (http) with context path ''
2020-09-16 01:31:21,433 INFO org.springframework.cloud.netflix.eureka.serviceregistry.EurekaAutoServiceRegistration [restartedMain] Updating port to 8086
2020-09-16 01:31:21,565 INFO com.netflix.discovery.DiscoveryClient [DiscoveryClient-InstanceInfoReplicator-0] DiscoveryClient_MANAGECURRCONVFACTOR/DESKTOP-29N9Q4N:managecurrconvfactor:8086 - registration status: 204
2020-09-16 01:31:23,043 INFO org.springframework.data.repository.config.DeferredRepositoryInitializationListener [restartedMain] Triggering deferred initialization of Spring Data repositories…
2020-09-16 01:31:23,454 INFO org.springframework.data.repository.config.DeferredRepositoryInitializationListener [restartedMain] Spring Data repositories initialized!
2020-09-16 01:31:23,478 INFO org.springframework.boot.StartupInfoLogger [restartedMain] Started CurrencyConversionFactorMsApplication in 27.308 seconds (JVM running for 31.368)
2020-09-16 01:31:51,284 INFO com.netflix.discovery.DiscoveryClient [DiscoveryClient-CacheRefreshExecutor-0] Disable delta property : false
2020-09-16 01:31:51,285 INFO com.netflix.discovery.DiscoveryClient [DiscoveryClient-CacheRefreshExecutor-0] Single vip registry refresh property : null
2020-09-16 01:31:51,286 INFO com.netflix.discovery.DiscoveryClient [DiscoveryClient-CacheRefreshExecutor-0] Force full registry fetch : false
2020-09-16 01:31:51,286 INFO com.netflix.discovery.DiscoveryClient [DiscoveryClient-CacheRefreshExecutor-0] Application is null : false
2020-09-16 01:31:51,287 INFO com.netflix.discovery.DiscoveryClient [DiscoveryClient-CacheRefreshExecutor-0] Registered Applications size is zero : true
2020-09-16 01:31:51,288 INFO com.netflix.discovery.DiscoveryClient [DiscoveryClient-CacheRefreshExecutor-0] Application version is -1: false
2020-09-16 01:31:51,288 INFO com.netflix.discovery.DiscoveryClient [DiscoveryClient-CacheRefreshExecutor-0] Getting all instance registry info from the eureka server
2020-09-16 01:31:51,326 INFO com.netflix.discovery.DiscoveryClient [DiscoveryClient-CacheRefreshExecutor-0] The response status is 200
2020-09-16 01:36:20,644 INFO com.netflix.discovery.shared.resolver.aws.ConfigClusterResolver [AsyncResolver-bootstrap-executor-0] Resolving eureka endpoints via configuration
2020-09-16 01:41:20,650 INFO com.netflix.discovery.shared.resolver.aws.ConfigClusterResolver [AsyncResolver-bootstrap-executor-0] Resolving eureka endpoints via configuration
2020-09-16 01:46:20,653 INFO com.netflix.discovery.shared.resolver.aws.ConfigClusterResolver [AsyncResolver-bootstrap-executor-0] Resolving eureka endpoints via configuration
2020-09-16 01:50:35,143 INFO org.springframework.boot.admin.SpringApplicationAdminMXBeanRegistrar$SpringApplicationAdmin [RMI TCP Connection(30)-127.0.0.1] Application shutdown requested.
2020-09-16 01:50:35,359 INFO org.springframework.cloud.netflix.eureka.serviceregistry.EurekaServiceRegistry [RMI TCP Connection(30)-127.0.0.1] Unregistering application MANAGECURRCONVFACTOR with eureka with status DOWN
2020-09-16 01:50:35,375 WARN com.netflix.discovery.DiscoveryClient$3 [RMI TCP Connection(30)-127.0.0.1] Saw local status change event StatusChangeEvent [timestamp=1600201235374, current=DOWN, previous=UP]
2020-09-16 01:50:35,397 INFO com.netflix.discovery.DiscoveryClient [DiscoveryClient-InstanceInfoReplicator-0] DiscoveryClient_MANAGECURRCONVFACTOR/DESKTOP-29N9Q4N:managecurrconvfactor:8086: registering service...
2020-09-16 01:50:35,487 INFO com.netflix.discovery.DiscoveryClient [DiscoveryClient-InstanceInfoReplicator-0] DiscoveryClient_MANAGECURRCONVFACTOR/DESKTOP-29N9Q4N:managecurrconvfactor:8086 - registration status: 204
2020-09-16 01:50:35,988 INFO org.apache.juli.logging.DirectJDKLog [RMI TCP Connection(30)-127.0.0.1] Pausing ProtocolHandler ["http-nio-8086"]
2020-09-16 01:50:37,732 INFO org.apache.juli.logging.DirectJDKLog [RMI TCP Connection(30)-127.0.0.1] Stopping service [Tomcat]
2020-09-16 01:50:37,908 INFO org.apache.juli.logging.DirectJDKLog [RMI TCP Connection(30)-127.0.0.1] Stopping ProtocolHandler ["http-nio-8086"]
2020-09-16 01:50:37,943 INFO org.apache.juli.logging.DirectJDKLog [RMI TCP Connection(30)-127.0.0.1] Destroying ProtocolHandler ["http-nio-8086"]
2020-09-16 01:50:38,085 INFO org.springframework.orm.jpa.AbstractEntityManagerFactoryBean [RMI TCP Connection(30)-127.0.0.1] Closing JPA EntityManagerFactory for persistence unit 'default'
2020-09-16 01:50:38,249 INFO org.springframework.scheduling.concurrent.ExecutorConfigurationSupport [RMI TCP Connection(30)-127.0.0.1] Shutting down ExecutorService 'applicationTaskExecutor'
2020-09-16 01:50:38,330 INFO com.netflix.discovery.DiscoveryClient [RMI TCP Connection(30)-127.0.0.1] Shutting down DiscoveryClient ...
2020-09-16 01:50:41,335 INFO com.netflix.discovery.DiscoveryClient [RMI TCP Connection(30)-127.0.0.1] Unregistering ...
2020-09-16 01:50:41,372 INFO com.netflix.discovery.DiscoveryClient [RMI TCP Connection(30)-127.0.0.1] DiscoveryClient_MANAGECURRCONVFACTOR/DESKTOP-29N9Q4N:managecurrconvfactor:8086 - deregister  status: 200
2020-09-16 01:50:41,486 INFO com.netflix.discovery.DiscoveryClient [RMI TCP Connection(30)-127.0.0.1] Completed shut down of DiscoveryClient
2020-09-16 01:50:41,491 INFO com.zaxxer.hikari.HikariDataSource [RMI TCP Connection(30)-127.0.0.1] HikariPool-1 - Shutdown initiated...
2020-09-16 01:52:26,202 INFO org.springframework.boot.logging.DeferredLog [restartedMain] Devtools property defaults active! Set 'spring.devtools.add-properties' to 'false' to disable
2020-09-16 01:52:28,409 INFO org.springframework.cloud.config.client.ConfigServicePropertySourceLocator [restartedMain] Fetching config from server at : http://localhost:8888
2020-09-16 01:52:30,636 INFO org.springframework.cloud.config.client.ConfigServicePropertySourceLocator [restartedMain] Connect Timeout Exception on Url - http://localhost:8888. Will be trying the next url if available
2020-09-16 01:52:30,637 WARN org.springframework.cloud.config.client.ConfigServicePropertySourceLocator [restartedMain] Could not locate PropertySource: I/O error on GET request for "http://localhost:8888/managecurrconvfactor/default": Connection refused: connect; nested exception is java.net.ConnectException: Connection refused: connect
2020-09-16 01:52:30,640 INFO org.springframework.boot.SpringApplication [restartedMain] No active profile set, falling back to default profiles: default
2020-09-16 01:52:32,576 INFO org.springframework.data.repository.config.RepositoryConfigurationDelegate [restartedMain] Bootstrapping Spring Data JPA repositories in DEFERRED mode.
2020-09-16 01:52:32,715 INFO org.springframework.data.repository.config.RepositoryConfigurationDelegate [restartedMain] Finished Spring Data repository scanning in 125ms. Found 1 JPA repository interfaces.
2020-09-16 01:52:33,283 INFO org.springframework.cloud.context.scope.GenericScope [restartedMain] BeanFactory id=64e74e39-efbc-3d5a-be8d-992d9f6de71a
2020-09-16 01:52:34,802 INFO org.springframework.boot.web.embedded.tomcat.TomcatWebServer [restartedMain] Tomcat initialized with port(s): 8086 (http)
2020-09-16 01:52:34,816 INFO org.apache.juli.logging.DirectJDKLog [restartedMain] Initializing ProtocolHandler ["http-nio-8086"]
2020-09-16 01:52:34,817 INFO org.apache.juli.logging.DirectJDKLog [restartedMain] Starting service [Tomcat]
2020-09-16 01:52:34,818 INFO org.apache.juli.logging.DirectJDKLog [restartedMain] Starting Servlet engine: [Apache Tomcat/9.0.35]
2020-09-16 01:52:36,376 INFO org.apache.juli.logging.DirectJDKLog [restartedMain] Initializing Spring embedded WebApplicationContext
2020-09-16 01:52:36,378 INFO org.springframework.boot.web.servlet.context.ServletWebServerApplicationContext [restartedMain] Root WebApplicationContext: initialization completed in 5716 ms
2020-09-16 01:52:36,497 WARN com.netflix.config.sources.URLConfigurationSource [restartedMain] No URLs will be polled as dynamic configuration sources.
2020-09-16 01:52:36,498 INFO com.netflix.config.sources.URLConfigurationSource [restartedMain] To enable URLs as dynamic configuration sources, define System property archaius.configurationSource.additionalUrls or make config.properties available on classpath.
2020-09-16 01:52:36,534 INFO com.netflix.config.DynamicPropertyFactory [restartedMain] DynamicPropertyFactory is initialized with configuration sources: com.netflix.config.ConcurrentCompositeConfiguration@6fe6da3e
2020-09-16 01:52:36,599 WARN org.springframework.boot.actuate.endpoint.EndpointId [restartedMain] Endpoint ID 'service-registry' contains invalid characters, please migrate to a valid format.
2020-09-16 01:52:36,969 INFO org.springframework.scheduling.concurrent.ExecutorConfigurationSupport [restartedMain] Initializing ExecutorService 'applicationTaskExecutor'
2020-09-16 01:52:37,126 INFO org.hibernate.jpa.internal.util.LogHelper [task-1] HHH000204: Processing PersistenceUnitInfo [name: default]
2020-09-16 01:52:37,201 WARN com.netflix.config.sources.URLConfigurationSource [restartedMain] No URLs will be polled as dynamic configuration sources.
2020-09-16 01:52:37,203 INFO com.netflix.config.sources.URLConfigurationSource [restartedMain] To enable URLs as dynamic configuration sources, define System property archaius.configurationSource.additionalUrls or make config.properties available on classpath.
2020-09-16 01:52:37,340 INFO org.hibernate.Version [task-1] HHH000412: Hibernate ORM core version 5.4.15.Final
2020-09-16 01:52:37,340 WARN org.springframework.boot.autoconfigure.orm.jpa.JpaBaseConfiguration$JpaWebConfiguration [restartedMain] spring.jpa.open-in-view is enabled by default. Therefore, database queries may be performed during view rendering. Explicitly configure spring.jpa.open-in-view to disable this warning
2020-09-16 01:52:37,704 INFO org.hibernate.annotations.common.reflection.java.JavaReflectionManager [task-1] HCANN000001: Hibernate Commons Annotations {5.1.0.Final}
2020-09-16 01:52:37,920 INFO com.zaxxer.hikari.HikariDataSource [task-1] HikariPool-1 - Starting...
2020-09-16 01:52:39,356 INFO com.zaxxer.hikari.HikariDataSource [task-1] HikariPool-1 - Start completed.
2020-09-16 01:52:39,391 INFO org.hibernate.dialect.Dialect [task-1] HHH000400: Using dialect: org.hibernate.dialect.MySQL8Dialect
2020-09-16 01:52:40,866 INFO org.hibernate.engine.transaction.jta.platform.internal.JtaPlatformInitiator [task-1] HHH000490: Using JtaPlatform implementation: [org.hibernate.engine.transaction.jta.platform.internal.NoJtaPlatform]
2020-09-16 01:52:40,879 INFO org.springframework.orm.jpa.AbstractEntityManagerFactoryBean [task-1] Initialized JPA EntityManagerFactory for persistence unit 'default'
2020-09-16 01:52:41,390 INFO org.springframework.boot.devtools.autoconfigure.OptionalLiveReloadServer [task-2] LiveReload server is running on port 35729
2020-09-16 01:52:46,117 WARN org.springframework.cloud.loadbalancer.config.BlockingLoadBalancerClientAutoConfiguration$BlockingLoadBalancerClientRibbonWarnLogger [restartedMain] You already have RibbonLoadBalancerClient on your classpath. It will be used by default. As Spring Cloud Ribbon is in maintenance mode. We recommend switching to BlockingLoadBalancerClient instead. In order to use it, set the value of `spring.cloud.loadbalancer.ribbon.enabled` to `false` or remove spring-cloud-starter-netflix-ribbon from your project.
2020-09-16 01:52:46,263 INFO org.springframework.boot.actuate.endpoint.web.EndpointLinksResolver [restartedMain] Exposing 2 endpoint(s) beneath base path '/actuator'
2020-09-16 01:52:46,417 INFO org.springframework.cloud.netflix.eureka.InstanceInfoFactory [restartedMain] Setting initial instance status as: STARTING
2020-09-16 01:52:46,492 INFO com.netflix.discovery.DiscoveryClient [restartedMain] Initializing Eureka in region us-east-1
2020-09-16 01:52:46,622 INFO com.netflix.discovery.provider.DiscoveryJerseyProvider [restartedMain] Using JSON encoding codec LegacyJacksonJson
2020-09-16 01:52:46,622 INFO com.netflix.discovery.provider.DiscoveryJerseyProvider [restartedMain] Using JSON decoding codec LegacyJacksonJson
2020-09-16 01:52:46,838 INFO com.netflix.discovery.provider.DiscoveryJerseyProvider [restartedMain] Using XML encoding codec XStreamXml
2020-09-16 01:52:46,839 INFO com.netflix.discovery.provider.DiscoveryJerseyProvider [restartedMain] Using XML decoding codec XStreamXml
2020-09-16 01:52:47,132 INFO com.netflix.discovery.shared.resolver.aws.ConfigClusterResolver [restartedMain] Resolving eureka endpoints via configuration
2020-09-16 01:52:48,034 INFO com.netflix.discovery.DiscoveryClient [restartedMain] Disable delta property : false
2020-09-16 01:52:48,035 INFO com.netflix.discovery.DiscoveryClient [restartedMain] Single vip registry refresh property : null
2020-09-16 01:52:48,036 INFO com.netflix.discovery.DiscoveryClient [restartedMain] Force full registry fetch : false
2020-09-16 01:52:48,036 INFO com.netflix.discovery.DiscoveryClient [restartedMain] Application is null : false
2020-09-16 01:52:48,037 INFO com.netflix.discovery.DiscoveryClient [restartedMain] Registered Applications size is zero : true
2020-09-16 01:52:48,038 INFO com.netflix.discovery.DiscoveryClient [restartedMain] Application version is -1: true
2020-09-16 01:52:48,038 INFO com.netflix.discovery.DiscoveryClient [restartedMain] Getting all instance registry info from the eureka server
2020-09-16 01:52:48,740 INFO com.netflix.discovery.DiscoveryClient [restartedMain] The response status is 200
2020-09-16 01:52:48,745 INFO com.netflix.discovery.DiscoveryClient [restartedMain] Starting heartbeat executor: renew interval is: 30
2020-09-16 01:52:48,751 INFO com.netflix.discovery.InstanceInfoReplicator [restartedMain] InstanceInfoReplicator onDemand update allowed rate per min is 4
2020-09-16 01:52:48,761 INFO com.netflix.discovery.DiscoveryClient [restartedMain] Discovery Client initialized at timestamp 1600201368758 with initial instances count: 0
2020-09-16 01:52:48,764 INFO org.springframework.cloud.netflix.eureka.serviceregistry.EurekaServiceRegistry [restartedMain] Registering application MANAGECURRCONVFACTOR with eureka with status UP
2020-09-16 01:52:48,765 INFO com.netflix.discovery.DiscoveryClient$3 [restartedMain] Saw local status change event StatusChangeEvent [timestamp=1600201368765, current=UP, previous=STARTING]
2020-09-16 01:52:48,770 INFO com.netflix.discovery.DiscoveryClient [DiscoveryClient-InstanceInfoReplicator-0] DiscoveryClient_MANAGECURRCONVFACTOR/DESKTOP-29N9Q4N:managecurrconvfactor:8086: registering service...
2020-09-16 01:52:48,770 INFO org.apache.juli.logging.DirectJDKLog [restartedMain] Starting ProtocolHandler ["http-nio-8086"]
2020-09-16 01:52:48,864 INFO org.springframework.boot.web.embedded.tomcat.TomcatWebServer [restartedMain] Tomcat started on port(s): 8086 (http) with context path ''
2020-09-16 01:52:48,866 INFO org.springframework.cloud.netflix.eureka.serviceregistry.EurekaAutoServiceRegistration [restartedMain] Updating port to 8086
2020-09-16 01:52:49,034 INFO com.netflix.discovery.DiscoveryClient [DiscoveryClient-InstanceInfoReplicator-0] DiscoveryClient_MANAGECURRCONVFACTOR/DESKTOP-29N9Q4N:managecurrconvfactor:8086 - registration status: 204
2020-09-16 01:52:51,000 INFO org.springframework.data.repository.config.DeferredRepositoryInitializationListener [restartedMain] Triggering deferred initialization of Spring Data repositories…
2020-09-16 01:52:51,672 INFO org.springframework.data.repository.config.DeferredRepositoryInitializationListener [restartedMain] Spring Data repositories initialized!
2020-09-16 01:52:51,704 INFO org.springframework.boot.StartupInfoLogger [restartedMain] Started CurrencyConversionFactorMsApplication in 27.722 seconds (JVM running for 32.198)
2020-09-16 01:53:18,748 INFO com.netflix.discovery.DiscoveryClient [DiscoveryClient-CacheRefreshExecutor-0] Disable delta property : false
2020-09-16 01:53:18,749 INFO com.netflix.discovery.DiscoveryClient [DiscoveryClient-CacheRefreshExecutor-0] Single vip registry refresh property : null
2020-09-16 01:53:18,750 INFO com.netflix.discovery.DiscoveryClient [DiscoveryClient-CacheRefreshExecutor-0] Force full registry fetch : false
2020-09-16 01:53:18,750 INFO com.netflix.discovery.DiscoveryClient [DiscoveryClient-CacheRefreshExecutor-0] Application is null : false
2020-09-16 01:53:18,752 INFO com.netflix.discovery.DiscoveryClient [DiscoveryClient-CacheRefreshExecutor-0] Registered Applications size is zero : true
2020-09-16 01:53:18,752 INFO com.netflix.discovery.DiscoveryClient [DiscoveryClient-CacheRefreshExecutor-0] Application version is -1: false
2020-09-16 01:53:18,753 INFO com.netflix.discovery.DiscoveryClient [DiscoveryClient-CacheRefreshExecutor-0] Getting all instance registry info from the eureka server
2020-09-16 01:53:18,793 INFO com.netflix.discovery.DiscoveryClient [DiscoveryClient-CacheRefreshExecutor-0] The response status is 200
2020-09-16 01:53:57,043 INFO org.apache.juli.logging.DirectJDKLog [http-nio-8086-exec-1] Initializing Spring DispatcherServlet 'dispatcherServlet'
2020-09-16 01:53:57,044 INFO org.springframework.web.servlet.FrameworkServlet [http-nio-8086-exec-1] Initializing Servlet 'dispatcherServlet'
2020-09-16 01:53:57,061 INFO org.springframework.web.servlet.FrameworkServlet [http-nio-8086-exec-1] Completed initialization in 16 ms
2020-09-16 01:53:57,119 INFO com.activity.microservice.controller.CurrencyConversionFactorController [http-nio-8086-exec-1] Start controller - getCurrencyConversionFactor 
2020-09-16 01:53:57,120 INFO com.activity.microservice.service.CurrencyConversionFactorService [http-nio-8086-exec-1] Service - getCurrencyConversionFactor 
2020-09-16 01:53:57,120 INFO com.activity.microservice.dao.CurrencyConversionFactorDao [http-nio-8086-exec-1] Dao - getCurrencyConversionFactor 
2020-09-16 01:53:57,252 INFO com.activity.microservice.dao.CurrencyConversionFactorDao [http-nio-8086-exec-1] Dao - getCurrencyConversionFactor 
2020-09-16 01:57:48,048 INFO com.netflix.discovery.shared.resolver.aws.ConfigClusterResolver [AsyncResolver-bootstrap-executor-0] Resolving eureka endpoints via configuration
2020-09-16 02:02:48,056 INFO com.netflix.discovery.shared.resolver.aws.ConfigClusterResolver [AsyncResolver-bootstrap-executor-0] Resolving eureka endpoints via configuration
2020-09-16 02:07:48,057 INFO com.netflix.discovery.shared.resolver.aws.ConfigClusterResolver [AsyncResolver-bootstrap-executor-0] Resolving eureka endpoints via configuration
2020-09-16 02:12:48,081 INFO com.netflix.discovery.shared.resolver.aws.ConfigClusterResolver [AsyncResolver-bootstrap-executor-0] Resolving eureka endpoints via configuration
2020-09-16 02:14:15,798 INFO com.activity.microservice.controller.CurrencyConversionFactorController [http-nio-8086-exec-3] Start controller - getCurrencyConversionFactor 
2020-09-16 02:14:15,859 INFO com.activity.microservice.service.CurrencyConversionFactorService [http-nio-8086-exec-3] Service - getCurrencyConversionFactor 
2020-09-16 02:14:15,861 INFO com.activity.microservice.dao.CurrencyConversionFactorDao [http-nio-8086-exec-3] Dao - getCurrencyConversionFactor 
2020-09-16 02:14:16,105 INFO com.activity.microservice.dao.CurrencyConversionFactorDao [http-nio-8086-exec-3] Dao - getCurrencyConversionFactor 
2020-09-16 02:17:48,089 INFO com.netflix.discovery.shared.resolver.aws.ConfigClusterResolver [AsyncResolver-bootstrap-executor-0] Resolving eureka endpoints via configuration
2020-09-16 02:22:48,095 INFO com.netflix.discovery.shared.resolver.aws.ConfigClusterResolver [AsyncResolver-bootstrap-executor-0] Resolving eureka endpoints via configuration
2020-09-16 02:27:48,100 INFO com.netflix.discovery.shared.resolver.aws.ConfigClusterResolver [AsyncResolver-bootstrap-executor-0] Resolving eureka endpoints via configuration
2020-09-16 02:29:47,805 INFO com.activity.microservice.controller.CurrencyConversionFactorController [http-nio-8086-exec-5] Start controller - getCurrencyConversionFactor 
2020-09-16 02:29:47,815 INFO com.activity.microservice.service.CurrencyConversionFactorService [http-nio-8086-exec-5] Service - getCurrencyConversionFactor 
2020-09-16 02:29:47,816 INFO com.activity.microservice.dao.CurrencyConversionFactorDao [http-nio-8086-exec-5] Dao - getCurrencyConversionFactor 
2020-09-16 02:29:47,885 INFO com.activity.microservice.dao.CurrencyConversionFactorDao [http-nio-8086-exec-5] Dao - getCurrencyConversionFactor 
2020-09-16 02:30:18,723 INFO com.activity.microservice.controller.CurrencyConversionFactorController [http-nio-8086-exec-6] Start controller - getCurrencyConversionFactor 
2020-09-16 02:30:18,726 INFO com.activity.microservice.service.CurrencyConversionFactorService [http-nio-8086-exec-6] Service - getCurrencyConversionFactor 
2020-09-16 02:30:18,727 INFO com.activity.microservice.dao.CurrencyConversionFactorDao [http-nio-8086-exec-6] Dao - getCurrencyConversionFactor 
2020-09-16 02:30:18,734 INFO com.activity.microservice.dao.CurrencyConversionFactorDao [http-nio-8086-exec-6] Dao - getCurrencyConversionFactor 
2020-09-16 02:32:48,102 INFO com.netflix.discovery.shared.resolver.aws.ConfigClusterResolver [AsyncResolver-bootstrap-executor-0] Resolving eureka endpoints via configuration
2020-09-16 02:33:53,980 ERROR com.netflix.discovery.shared.transport.decorator.RedirectingEurekaHttpClient [DiscoveryClient-HeartbeatExecutor-0] Request execution error. endpoint=DefaultEndpoint{ serviceUrl='http://localhost:8761/eureka/}
com.sun.jersey.api.client.ClientHandlerException: java.net.ConnectException: Connection refused: connect
	at com.sun.jersey.client.apache4.ApacheHttpClient4Handler.handle(ApacheHttpClient4Handler.java:187)
	at com.sun.jersey.api.client.filter.GZIPContentEncodingFilter.handle(GZIPContentEncodingFilter.java:123)
	at com.netflix.discovery.EurekaIdentityHeaderFilter.handle(EurekaIdentityHeaderFilter.java:27)
	at com.sun.jersey.api.client.Client.handle(Client.java:652)
	at com.sun.jersey.api.client.WebResource.handle(WebResource.java:682)
	at com.sun.jersey.api.client.WebResource.access$200(WebResource.java:74)
	at com.sun.jersey.api.client.WebResource$Builder.put(WebResource.java:529)
	at com.netflix.discovery.shared.transport.jersey.AbstractJerseyEurekaHttpClient.sendHeartBeat(AbstractJerseyEurekaHttpClient.java:102)
	at com.netflix.discovery.shared.transport.decorator.EurekaHttpClientDecorator$3.execute(EurekaHttpClientDecorator.java:92)
	at com.netflix.discovery.shared.transport.decorator.MetricsCollectingEurekaHttpClient.execute(MetricsCollectingEurekaHttpClient.java:73)
	at com.netflix.discovery.shared.transport.decorator.EurekaHttpClientDecorator.sendHeartBeat(EurekaHttpClientDecorator.java:89)
	at com.netflix.discovery.shared.transport.decorator.EurekaHttpClientDecorator$3.execute(EurekaHttpClientDecorator.java:92)
	at com.netflix.discovery.shared.transport.decorator.RedirectingEurekaHttpClient.execute(RedirectingEurekaHttpClient.java:89)
	at com.netflix.discovery.shared.transport.decorator.EurekaHttpClientDecorator.sendHeartBeat(EurekaHttpClientDecorator.java:89)
	at com.netflix.discovery.shared.transport.decorator.EurekaHttpClientDecorator$3.execute(EurekaHttpClientDecorator.java:92)
	at com.netflix.discovery.shared.transport.decorator.RetryableEurekaHttpClient.execute(RetryableEurekaHttpClient.java:120)
	at com.netflix.discovery.shared.transport.decorator.EurekaHttpClientDecorator.sendHeartBeat(EurekaHttpClientDecorator.java:89)
	at com.netflix.discovery.shared.transport.decorator.EurekaHttpClientDecorator$3.execute(EurekaHttpClientDecorator.java:92)
	at com.netflix.discovery.shared.transport.decorator.SessionedEurekaHttpClient.execute(SessionedEurekaHttpClient.java:77)
	at com.netflix.discovery.shared.transport.decorator.EurekaHttpClientDecorator.sendHeartBeat(EurekaHttpClientDecorator.java:89)
	at com.netflix.discovery.DiscoveryClient.renew(DiscoveryClient.java:864)
	at com.netflix.discovery.DiscoveryClient$HeartbeatThread.run(DiscoveryClient.java:1423)
	at java.util.concurrent.Executors$RunnableAdapter.call(Unknown Source)
	at java.util.concurrent.FutureTask.run(Unknown Source)
	at java.util.concurrent.ThreadPoolExecutor.runWorker(Unknown Source)
	at java.util.concurrent.ThreadPoolExecutor$Worker.run(Unknown Source)
	at java.lang.Thread.run(Unknown Source)
Caused by: java.net.ConnectException: Connection refused: connect
	at java.net.DualStackPlainSocketImpl.waitForConnect(Native Method)
	at java.net.DualStackPlainSocketImpl.socketConnect(Unknown Source)
	at java.net.AbstractPlainSocketImpl.doConnect(Unknown Source)
	at java.net.AbstractPlainSocketImpl.connectToAddress(Unknown Source)
	at java.net.AbstractPlainSocketImpl.connect(Unknown Source)
	at java.net.PlainSocketImpl.connect(Unknown Source)
	at java.net.SocksSocketImpl.connect(Unknown Source)
	at java.net.Socket.connect(Unknown Source)
	at org.apache.http.conn.scheme.PlainSocketFactory.connectSocket(PlainSocketFactory.java:121)
	at org.apache.http.impl.conn.DefaultClientConnectionOperator.openConnection(DefaultClientConnectionOperator.java:180)
	at org.apache.http.impl.conn.AbstractPoolEntry.open(AbstractPoolEntry.java:144)
	at org.apache.http.impl.conn.AbstractPooledConnAdapter.open(AbstractPooledConnAdapter.java:134)
	at org.apache.http.impl.client.DefaultRequestDirector.tryConnect(DefaultRequestDirector.java:605)
	at org.apache.http.impl.client.DefaultRequestDirector.execute(DefaultRequestDirector.java:440)
	at org.apache.http.impl.client.AbstractHttpClient.doExecute(AbstractHttpClient.java:835)
	at org.apache.http.impl.client.CloseableHttpClient.execute(CloseableHttpClient.java:118)
	at org.apache.http.impl.client.CloseableHttpClient.execute(CloseableHttpClient.java:56)
	at com.sun.jersey.client.apache4.ApacheHttpClient4Handler.handle(ApacheHttpClient4Handler.java:173)
	... 26 common frames omitted
2020-09-16 02:33:53,980 ERROR com.netflix.discovery.shared.transport.decorator.RedirectingEurekaHttpClient [DiscoveryClient-CacheRefreshExecutor-0] Request execution error. endpoint=DefaultEndpoint{ serviceUrl='http://localhost:8761/eureka/}
com.sun.jersey.api.client.ClientHandlerException: java.net.ConnectException: Connection refused: connect
	at com.sun.jersey.client.apache4.ApacheHttpClient4Handler.handle(ApacheHttpClient4Handler.java:187)
	at com.sun.jersey.api.client.filter.GZIPContentEncodingFilter.handle(GZIPContentEncodingFilter.java:123)
	at com.netflix.discovery.EurekaIdentityHeaderFilter.handle(EurekaIdentityHeaderFilter.java:27)
	at com.sun.jersey.api.client.Client.handle(Client.java:652)
	at com.sun.jersey.api.client.WebResource.handle(WebResource.java:682)
	at com.sun.jersey.api.client.WebResource.access$200(WebResource.java:74)
	at com.sun.jersey.api.client.WebResource$Builder.get(WebResource.java:509)
	at com.netflix.discovery.shared.transport.jersey.AbstractJerseyEurekaHttpClient.getApplicationsInternal(AbstractJerseyEurekaHttpClient.java:194)
	at com.netflix.discovery.shared.transport.jersey.AbstractJerseyEurekaHttpClient.getDelta(AbstractJerseyEurekaHttpClient.java:170)
	at com.netflix.discovery.shared.transport.decorator.EurekaHttpClientDecorator$7.execute(EurekaHttpClientDecorator.java:152)
	at com.netflix.discovery.shared.transport.decorator.MetricsCollectingEurekaHttpClient.execute(MetricsCollectingEurekaHttpClient.java:73)
	at com.netflix.discovery.shared.transport.decorator.EurekaHttpClientDecorator.getDelta(EurekaHttpClientDecorator.java:149)
	at com.netflix.discovery.shared.transport.decorator.EurekaHttpClientDecorator$7.execute(EurekaHttpClientDecorator.java:152)
	at com.netflix.discovery.shared.transport.decorator.RedirectingEurekaHttpClient.execute(RedirectingEurekaHttpClient.java:89)
	at com.netflix.discovery.shared.transport.decorator.EurekaHttpClientDecorator.getDelta(EurekaHttpClientDecorator.java:149)
	at com.netflix.discovery.shared.transport.decorator.EurekaHttpClientDecorator$7.execute(EurekaHttpClientDecorator.java:152)
	at com.netflix.discovery.shared.transport.decorator.RetryableEurekaHttpClient.execute(RetryableEurekaHttpClient.java:120)
	at com.netflix.discovery.shared.transport.decorator.EurekaHttpClientDecorator.getDelta(EurekaHttpClientDecorator.java:149)
	at com.netflix.discovery.shared.transport.decorator.EurekaHttpClientDecorator$7.execute(EurekaHttpClientDecorator.java:152)
	at com.netflix.discovery.shared.transport.decorator.SessionedEurekaHttpClient.execute(SessionedEurekaHttpClient.java:77)
	at com.netflix.discovery.shared.transport.decorator.EurekaHttpClientDecorator.getDelta(EurekaHttpClientDecorator.java:149)
	at com.netflix.discovery.DiscoveryClient.getAndUpdateDelta(DiscoveryClient.java:1103)
	at com.netflix.discovery.DiscoveryClient.fetchRegistry(DiscoveryClient.java:985)
	at com.netflix.discovery.DiscoveryClient.refreshRegistry(DiscoveryClient.java:1497)
	at com.netflix.discovery.DiscoveryClient$CacheRefreshThread.run(DiscoveryClient.java:1464)
	at java.util.concurrent.Executors$RunnableAdapter.call(Unknown Source)
	at java.util.concurrent.FutureTask.run(Unknown Source)
	at java.util.concurrent.ThreadPoolExecutor.runWorker(Unknown Source)
	at java.util.concurrent.ThreadPoolExecutor$Worker.run(Unknown Source)
	at java.lang.Thread.run(Unknown Source)
Caused by: java.net.ConnectException: Connection refused: connect
	at java.net.DualStackPlainSocketImpl.waitForConnect(Native Method)
	at java.net.DualStackPlainSocketImpl.socketConnect(Unknown Source)
	at java.net.AbstractPlainSocketImpl.doConnect(Unknown Source)
	at java.net.AbstractPlainSocketImpl.connectToAddress(Unknown Source)
	at java.net.AbstractPlainSocketImpl.connect(Unknown Source)
	at java.net.PlainSocketImpl.connect(Unknown Source)
	at java.net.SocksSocketImpl.connect(Unknown Source)
	at java.net.Socket.connect(Unknown Source)
	at org.apache.http.conn.scheme.PlainSocketFactory.connectSocket(PlainSocketFactory.java:121)
	at org.apache.http.impl.conn.DefaultClientConnectionOperator.openConnection(DefaultClientConnectionOperator.java:180)
	at org.apache.http.impl.conn.AbstractPoolEntry.open(AbstractPoolEntry.java:144)
	at org.apache.http.impl.conn.AbstractPooledConnAdapter.open(AbstractPooledConnAdapter.java:134)
	at org.apache.http.impl.client.DefaultRequestDirector.tryConnect(DefaultRequestDirector.java:605)
	at org.apache.http.impl.client.DefaultRequestDirector.execute(DefaultRequestDirector.java:440)
	at org.apache.http.impl.client.AbstractHttpClient.doExecute(AbstractHttpClient.java:835)
	at org.apache.http.impl.client.CloseableHttpClient.execute(CloseableHttpClient.java:118)
	at org.apache.http.impl.client.CloseableHttpClient.execute(CloseableHttpClient.java:56)
	at com.sun.jersey.client.apache4.ApacheHttpClient4Handler.handle(ApacheHttpClient4Handler.java:173)
	... 29 common frames omitted
2020-09-16 02:33:53,988 WARN com.netflix.discovery.shared.transport.decorator.RetryableEurekaHttpClient [DiscoveryClient-HeartbeatExecutor-0] Request execution failed with message: java.net.ConnectException: Connection refused: connect
2020-09-16 02:33:53,988 WARN com.netflix.discovery.shared.transport.decorator.RetryableEurekaHttpClient [DiscoveryClient-CacheRefreshExecutor-0] Request execution failed with message: java.net.ConnectException: Connection refused: connect
2020-09-16 02:33:58,014 ERROR com.netflix.discovery.shared.transport.decorator.RedirectingEurekaHttpClient [DiscoveryClient-HeartbeatExecutor-0] Request execution error. endpoint=DefaultEndpoint{ serviceUrl='http://localhost:8761/eureka/}
com.sun.jersey.api.client.ClientHandlerException: java.net.ConnectException: Connection refused: connect
	at com.sun.jersey.client.apache4.ApacheHttpClient4Handler.handle(ApacheHttpClient4Handler.java:187)
	at com.sun.jersey.api.client.filter.GZIPContentEncodingFilter.handle(GZIPContentEncodingFilter.java:123)
	at com.netflix.discovery.EurekaIdentityHeaderFilter.handle(EurekaIdentityHeaderFilter.java:27)
	at com.sun.jersey.api.client.Client.handle(Client.java:652)
	at com.sun.jersey.api.client.WebResource.handle(WebResource.java:682)
	at com.sun.jersey.api.client.WebResource.access$200(WebResource.java:74)
	at com.sun.jersey.api.client.WebResource$Builder.put(WebResource.java:529)
	at com.netflix.discovery.shared.transport.jersey.AbstractJerseyEurekaHttpClient.sendHeartBeat(AbstractJerseyEurekaHttpClient.java:102)
	at com.netflix.discovery.shared.transport.decorator.EurekaHttpClientDecorator$3.execute(EurekaHttpClientDecorator.java:92)
	at com.netflix.discovery.shared.transport.decorator.MetricsCollectingEurekaHttpClient.execute(MetricsCollectingEurekaHttpClient.java:73)
	at com.netflix.discovery.shared.transport.decorator.EurekaHttpClientDecorator.sendHeartBeat(EurekaHttpClientDecorator.java:89)
	at com.netflix.discovery.shared.transport.decorator.EurekaHttpClientDecorator$3.execute(EurekaHttpClientDecorator.java:92)
	at com.netflix.discovery.shared.transport.decorator.RedirectingEurekaHttpClient.executeOnNewServer(RedirectingEurekaHttpClient.java:118)
	at com.netflix.discovery.shared.transport.decorator.RedirectingEurekaHttpClient.execute(RedirectingEurekaHttpClient.java:79)
	at com.netflix.discovery.shared.transport.decorator.EurekaHttpClientDecorator.sendHeartBeat(EurekaHttpClientDecorator.java:89)
	at com.netflix.discovery.shared.transport.decorator.EurekaHttpClientDecorator$3.execute(EurekaHttpClientDecorator.java:92)
	at com.netflix.discovery.shared.transport.decorator.RetryableEurekaHttpClient.execute(RetryableEurekaHttpClient.java:120)
	at com.netflix.discovery.shared.transport.decorator.EurekaHttpClientDecorator.sendHeartBeat(EurekaHttpClientDecorator.java:89)
	at com.netflix.discovery.shared.transport.decorator.EurekaHttpClientDecorator$3.execute(EurekaHttpClientDecorator.java:92)
	at com.netflix.discovery.shared.transport.decorator.SessionedEurekaHttpClient.execute(SessionedEurekaHttpClient.java:77)
	at com.netflix.discovery.shared.transport.decorator.EurekaHttpClientDecorator.sendHeartBeat(EurekaHttpClientDecorator.java:89)
	at com.netflix.discovery.DiscoveryClient.renew(DiscoveryClient.java:864)
	at com.netflix.discovery.DiscoveryClient$HeartbeatThread.run(DiscoveryClient.java:1423)
	at java.util.concurrent.Executors$RunnableAdapter.call(Unknown Source)
	at java.util.concurrent.FutureTask.run(Unknown Source)
	at java.util.concurrent.ThreadPoolExecutor.runWorker(Unknown Source)
	at java.util.concurrent.ThreadPoolExecutor$Worker.run(Unknown Source)
	at java.lang.Thread.run(Unknown Source)
Caused by: java.net.ConnectException: Connection refused: connect
	at java.net.DualStackPlainSocketImpl.waitForConnect(Native Method)
	at java.net.DualStackPlainSocketImpl.socketConnect(Unknown Source)
	at java.net.AbstractPlainSocketImpl.doConnect(Unknown Source)
	at java.net.AbstractPlainSocketImpl.connectToAddress(Unknown Source)
	at java.net.AbstractPlainSocketImpl.connect(Unknown Source)
	at java.net.PlainSocketImpl.connect(Unknown Source)
	at java.net.SocksSocketImpl.connect(Unknown Source)
	at java.net.Socket.connect(Unknown Source)
	at org.apache.http.conn.scheme.PlainSocketFactory.connectSocket(PlainSocketFactory.java:121)
	at org.apache.http.impl.conn.DefaultClientConnectionOperator.openConnection(DefaultClientConnectionOperator.java:180)
	at org.apache.http.impl.conn.AbstractPoolEntry.open(AbstractPoolEntry.java:144)
	at org.apache.http.impl.conn.AbstractPooledConnAdapter.open(AbstractPooledConnAdapter.java:134)
	at org.apache.http.impl.client.DefaultRequestDirector.tryConnect(DefaultRequestDirector.java:605)
	at org.apache.http.impl.client.DefaultRequestDirector.execute(DefaultRequestDirector.java:440)
	at org.apache.http.impl.client.AbstractHttpClient.doExecute(AbstractHttpClient.java:835)
	at org.apache.http.impl.client.CloseableHttpClient.execute(CloseableHttpClient.java:118)
	at org.apache.http.impl.client.CloseableHttpClient.execute(CloseableHttpClient.java:56)
	at com.sun.jersey.client.apache4.ApacheHttpClient4Handler.handle(ApacheHttpClient4Handler.java:173)
	... 27 common frames omitted
2020-09-16 02:33:58,015 ERROR com.netflix.discovery.shared.transport.decorator.RedirectingEurekaHttpClient [DiscoveryClient-CacheRefreshExecutor-0] Request execution error. endpoint=DefaultEndpoint{ serviceUrl='http://localhost:8761/eureka/}
com.sun.jersey.api.client.ClientHandlerException: java.net.ConnectException: Connection refused: connect
	at com.sun.jersey.client.apache4.ApacheHttpClient4Handler.handle(ApacheHttpClient4Handler.java:187)
	at com.sun.jersey.api.client.filter.GZIPContentEncodingFilter.handle(GZIPContentEncodingFilter.java:123)
	at com.netflix.discovery.EurekaIdentityHeaderFilter.handle(EurekaIdentityHeaderFilter.java:27)
	at com.sun.jersey.api.client.Client.handle(Client.java:652)
	at com.sun.jersey.api.client.WebResource.handle(WebResource.java:682)
	at com.sun.jersey.api.client.WebResource.access$200(WebResource.java:74)
	at com.sun.jersey.api.client.WebResource$Builder.get(WebResource.java:509)
	at com.netflix.discovery.shared.transport.jersey.AbstractJerseyEurekaHttpClient.getApplicationsInternal(AbstractJerseyEurekaHttpClient.java:194)
	at com.netflix.discovery.shared.transport.jersey.AbstractJerseyEurekaHttpClient.getDelta(AbstractJerseyEurekaHttpClient.java:170)
	at com.netflix.discovery.shared.transport.decorator.EurekaHttpClientDecorator$7.execute(EurekaHttpClientDecorator.java:152)
	at com.netflix.discovery.shared.transport.decorator.MetricsCollectingEurekaHttpClient.execute(MetricsCollectingEurekaHttpClient.java:73)
	at com.netflix.discovery.shared.transport.decorator.EurekaHttpClientDecorator.getDelta(EurekaHttpClientDecorator.java:149)
	at com.netflix.discovery.shared.transport.decorator.EurekaHttpClientDecorator$7.execute(EurekaHttpClientDecorator.java:152)
	at com.netflix.discovery.shared.transport.decorator.RedirectingEurekaHttpClient.executeOnNewServer(RedirectingEurekaHttpClient.java:118)
	at com.netflix.discovery.shared.transport.decorator.RedirectingEurekaHttpClient.execute(RedirectingEurekaHttpClient.java:79)
	at com.netflix.discovery.shared.transport.decorator.EurekaHttpClientDecorator.getDelta(EurekaHttpClientDecorator.java:149)
	at com.netflix.discovery.shared.transport.decorator.EurekaHttpClientDecorator$7.execute(EurekaHttpClientDecorator.java:152)
	at com.netflix.discovery.shared.transport.decorator.RetryableEurekaHttpClient.execute(RetryableEurekaHttpClient.java:120)
	at com.netflix.discovery.shared.transport.decorator.EurekaHttpClientDecorator.getDelta(EurekaHttpClientDecorator.java:149)
	at com.netflix.discovery.shared.transport.decorator.EurekaHttpClientDecorator$7.execute(EurekaHttpClientDecorator.java:152)
	at com.netflix.discovery.shared.transport.decorator.SessionedEurekaHttpClient.execute(SessionedEurekaHttpClient.java:77)
	at com.netflix.discovery.shared.transport.decorator.EurekaHttpClientDecorator.getDelta(EurekaHttpClientDecorator.java:149)
	at com.netflix.discovery.DiscoveryClient.getAndUpdateDelta(DiscoveryClient.java:1103)
	at com.netflix.discovery.DiscoveryClient.fetchRegistry(DiscoveryClient.java:985)
	at com.netflix.discovery.DiscoveryClient.refreshRegistry(DiscoveryClient.java:1497)
	at com.netflix.discovery.DiscoveryClient$CacheRefreshThread.run(DiscoveryClient.java:1464)
	at java.util.concurrent.Executors$RunnableAdapter.call(Unknown Source)
	at java.util.concurrent.FutureTask.run(Unknown Source)
	at java.util.concurrent.ThreadPoolExecutor.runWorker(Unknown Source)
	at java.util.concurrent.ThreadPoolExecutor$Worker.run(Unknown Source)
	at java.lang.Thread.run(Unknown Source)
Caused by: java.net.ConnectException: Connection refused: connect
	at java.net.DualStackPlainSocketImpl.waitForConnect(Native Method)
	at java.net.DualStackPlainSocketImpl.socketConnect(Unknown Source)
	at java.net.AbstractPlainSocketImpl.doConnect(Unknown Source)
	at java.net.AbstractPlainSocketImpl.connectToAddress(Unknown Source)
	at java.net.AbstractPlainSocketImpl.connect(Unknown Source)
	at java.net.PlainSocketImpl.connect(Unknown Source)
	at java.net.SocksSocketImpl.connect(Unknown Source)
	at java.net.Socket.connect(Unknown Source)
	at org.apache.http.conn.scheme.PlainSocketFactory.connectSocket(PlainSocketFactory.java:121)
	at org.apache.http.impl.conn.DefaultClientConnectionOperator.openConnection(DefaultClientConnectionOperator.java:180)
	at org.apache.http.impl.conn.AbstractPoolEntry.open(AbstractPoolEntry.java:144)
	at org.apache.http.impl.conn.AbstractPooledConnAdapter.open(AbstractPooledConnAdapter.java:134)
	at org.apache.http.impl.client.DefaultRequestDirector.tryConnect(DefaultRequestDirector.java:605)
	at org.apache.http.impl.client.DefaultRequestDirector.execute(DefaultRequestDirector.java:440)
	at org.apache.http.impl.client.AbstractHttpClient.doExecute(AbstractHttpClient.java:835)
	at org.apache.http.impl.client.CloseableHttpClient.execute(CloseableHttpClient.java:118)
	at org.apache.http.impl.client.CloseableHttpClient.execute(CloseableHttpClient.java:56)
	at com.sun.jersey.client.apache4.ApacheHttpClient4Handler.handle(ApacheHttpClient4Handler.java:173)
	... 30 common frames omitted
2020-09-16 02:33:58,019 WARN com.netflix.discovery.shared.transport.decorator.RetryableEurekaHttpClient [DiscoveryClient-HeartbeatExecutor-0] Request execution failed with message: java.net.ConnectException: Connection refused: connect
2020-09-16 02:33:58,022 WARN com.netflix.discovery.shared.transport.decorator.RetryableEurekaHttpClient [DiscoveryClient-CacheRefreshExecutor-0] Request execution failed with message: java.net.ConnectException: Connection refused: connect
2020-09-16 02:33:58,039 ERROR com.netflix.discovery.DiscoveryClient [DiscoveryClient-CacheRefreshExecutor-0] DiscoveryClient_MANAGECURRCONVFACTOR/DESKTOP-29N9Q4N:managecurrconvfactor:8086 - was unable to refresh its cache! status = Cannot execute request on any known server
com.netflix.discovery.shared.transport.TransportException: Cannot execute request on any known server
	at com.netflix.discovery.shared.transport.decorator.RetryableEurekaHttpClient.execute(RetryableEurekaHttpClient.java:112)
	at com.netflix.discovery.shared.transport.decorator.EurekaHttpClientDecorator.getDelta(EurekaHttpClientDecorator.java:149)
	at com.netflix.discovery.shared.transport.decorator.EurekaHttpClientDecorator$7.execute(EurekaHttpClientDecorator.java:152)
	at com.netflix.discovery.shared.transport.decorator.SessionedEurekaHttpClient.execute(SessionedEurekaHttpClient.java:77)
	at com.netflix.discovery.shared.transport.decorator.EurekaHttpClientDecorator.getDelta(EurekaHttpClientDecorator.java:149)
	at com.netflix.discovery.DiscoveryClient.getAndUpdateDelta(DiscoveryClient.java:1103)
	at com.netflix.discovery.DiscoveryClient.fetchRegistry(DiscoveryClient.java:985)
	at com.netflix.discovery.DiscoveryClient.refreshRegistry(DiscoveryClient.java:1497)
	at com.netflix.discovery.DiscoveryClient$CacheRefreshThread.run(DiscoveryClient.java:1464)
	at java.util.concurrent.Executors$RunnableAdapter.call(Unknown Source)
	at java.util.concurrent.FutureTask.run(Unknown Source)
	at java.util.concurrent.ThreadPoolExecutor.runWorker(Unknown Source)
	at java.util.concurrent.ThreadPoolExecutor$Worker.run(Unknown Source)
	at java.lang.Thread.run(Unknown Source)
2020-09-16 02:33:58,039 ERROR com.netflix.discovery.DiscoveryClient [DiscoveryClient-HeartbeatExecutor-0] DiscoveryClient_MANAGECURRCONVFACTOR/DESKTOP-29N9Q4N:managecurrconvfactor:8086 - was unable to send heartbeat!
com.netflix.discovery.shared.transport.TransportException: Cannot execute request on any known server
	at com.netflix.discovery.shared.transport.decorator.RetryableEurekaHttpClient.execute(RetryableEurekaHttpClient.java:112)
	at com.netflix.discovery.shared.transport.decorator.EurekaHttpClientDecorator.sendHeartBeat(EurekaHttpClientDecorator.java:89)
	at com.netflix.discovery.shared.transport.decorator.EurekaHttpClientDecorator$3.execute(EurekaHttpClientDecorator.java:92)
	at com.netflix.discovery.shared.transport.decorator.SessionedEurekaHttpClient.execute(SessionedEurekaHttpClient.java:77)
	at com.netflix.discovery.shared.transport.decorator.EurekaHttpClientDecorator.sendHeartBeat(EurekaHttpClientDecorator.java:89)
	at com.netflix.discovery.DiscoveryClient.renew(DiscoveryClient.java:864)
	at com.netflix.discovery.DiscoveryClient$HeartbeatThread.run(DiscoveryClient.java:1423)
	at java.util.concurrent.Executors$RunnableAdapter.call(Unknown Source)
	at java.util.concurrent.FutureTask.run(Unknown Source)
	at java.util.concurrent.ThreadPoolExecutor.runWorker(Unknown Source)
	at java.util.concurrent.ThreadPoolExecutor$Worker.run(Unknown Source)
	at java.lang.Thread.run(Unknown Source)
2020-09-16 02:34:02,060 INFO org.springframework.boot.admin.SpringApplicationAdminMXBeanRegistrar$SpringApplicationAdmin [RMI TCP Connection(58)-127.0.0.1] Application shutdown requested.
2020-09-16 02:34:02,118 INFO org.springframework.cloud.netflix.eureka.serviceregistry.EurekaServiceRegistry [RMI TCP Connection(58)-127.0.0.1] Unregistering application MANAGECURRCONVFACTOR with eureka with status DOWN
2020-09-16 02:34:02,124 WARN com.netflix.discovery.DiscoveryClient$3 [RMI TCP Connection(58)-127.0.0.1] Saw local status change event StatusChangeEvent [timestamp=1600203842124, current=DOWN, previous=UP]
2020-09-16 02:34:02,129 INFO com.netflix.discovery.DiscoveryClient [DiscoveryClient-InstanceInfoReplicator-0] DiscoveryClient_MANAGECURRCONVFACTOR/DESKTOP-29N9Q4N:managecurrconvfactor:8086: registering service...
2020-09-16 02:34:02,296 INFO org.apache.juli.logging.DirectJDKLog [RMI TCP Connection(58)-127.0.0.1] Pausing ProtocolHandler ["http-nio-8086"]
2020-09-16 02:34:03,109 INFO org.apache.juli.logging.DirectJDKLog [RMI TCP Connection(58)-127.0.0.1] Stopping service [Tomcat]
2020-09-16 02:34:03,197 INFO org.apache.juli.logging.DirectJDKLog [RMI TCP Connection(58)-127.0.0.1] Destroying Spring FrameworkServlet 'dispatcherServlet'
2020-09-16 02:34:03,260 INFO org.apache.juli.logging.DirectJDKLog [RMI TCP Connection(58)-127.0.0.1] Stopping ProtocolHandler ["http-nio-8086"]
2020-09-16 02:34:03,287 INFO org.apache.juli.logging.DirectJDKLog [RMI TCP Connection(58)-127.0.0.1] Destroying ProtocolHandler ["http-nio-8086"]
2020-09-16 02:34:03,345 INFO org.springframework.orm.jpa.AbstractEntityManagerFactoryBean [RMI TCP Connection(58)-127.0.0.1] Closing JPA EntityManagerFactory for persistence unit 'default'
2020-09-16 02:34:03,395 INFO org.springframework.scheduling.concurrent.ExecutorConfigurationSupport [RMI TCP Connection(58)-127.0.0.1] Shutting down ExecutorService 'applicationTaskExecutor'
2020-09-16 02:34:03,412 INFO com.netflix.discovery.DiscoveryClient [RMI TCP Connection(58)-127.0.0.1] Shutting down DiscoveryClient ...
2020-09-16 02:34:06,146 ERROR com.netflix.discovery.shared.transport.decorator.RedirectingEurekaHttpClient [DiscoveryClient-InstanceInfoReplicator-0] Request execution error. endpoint=DefaultEndpoint{ serviceUrl='http://localhost:8761/eureka/}
com.sun.jersey.api.client.ClientHandlerException: java.net.ConnectException: Connection refused: connect
	at com.sun.jersey.client.apache4.ApacheHttpClient4Handler.handle(ApacheHttpClient4Handler.java:187)
	at com.sun.jersey.api.client.filter.GZIPContentEncodingFilter.handle(GZIPContentEncodingFilter.java:123)
	at com.netflix.discovery.EurekaIdentityHeaderFilter.handle(EurekaIdentityHeaderFilter.java:27)
	at com.sun.jersey.api.client.Client.handle(Client.java:652)
	at com.sun.jersey.api.client.WebResource.handle(WebResource.java:682)
	at com.sun.jersey.api.client.WebResource.access$200(WebResource.java:74)
	at com.sun.jersey.api.client.WebResource$Builder.post(WebResource.java:570)
	at com.netflix.discovery.shared.transport.jersey.AbstractJerseyEurekaHttpClient.register(AbstractJerseyEurekaHttpClient.java:56)
	at com.netflix.discovery.shared.transport.decorator.EurekaHttpClientDecorator$1.execute(EurekaHttpClientDecorator.java:59)
	at com.netflix.discovery.shared.transport.decorator.MetricsCollectingEurekaHttpClient.execute(MetricsCollectingEurekaHttpClient.java:73)
	at com.netflix.discovery.shared.transport.decorator.EurekaHttpClientDecorator.register(EurekaHttpClientDecorator.java:56)
	at com.netflix.discovery.shared.transport.decorator.EurekaHttpClientDecorator$1.execute(EurekaHttpClientDecorator.java:59)
	at com.netflix.discovery.shared.transport.decorator.RedirectingEurekaHttpClient.executeOnNewServer(RedirectingEurekaHttpClient.java:118)
	at com.netflix.discovery.shared.transport.decorator.RedirectingEurekaHttpClient.execute(RedirectingEurekaHttpClient.java:79)
	at com.netflix.discovery.shared.transport.decorator.EurekaHttpClientDecorator.register(EurekaHttpClientDecorator.java:56)
	at com.netflix.discovery.shared.transport.decorator.EurekaHttpClientDecorator$1.execute(EurekaHttpClientDecorator.java:59)
	at com.netflix.discovery.shared.transport.decorator.RetryableEurekaHttpClient.execute(RetryableEurekaHttpClient.java:120)
	at com.netflix.discovery.shared.transport.decorator.EurekaHttpClientDecorator.register(EurekaHttpClientDecorator.java:56)
	at com.netflix.discovery.shared.transport.decorator.EurekaHttpClientDecorator$1.execute(EurekaHttpClientDecorator.java:59)
	at com.netflix.discovery.shared.transport.decorator.SessionedEurekaHttpClient.execute(SessionedEurekaHttpClient.java:77)
	at com.netflix.discovery.shared.transport.decorator.EurekaHttpClientDecorator.register(EurekaHttpClientDecorator.java:56)
	at com.netflix.discovery.DiscoveryClient.register(DiscoveryClient.java:847)
	at com.netflix.discovery.InstanceInfoReplicator.run(InstanceInfoReplicator.java:121)
	at com.netflix.discovery.InstanceInfoReplicator$1.run(InstanceInfoReplicator.java:101)
	at java.util.concurrent.Executors$RunnableAdapter.call(Unknown Source)
	at java.util.concurrent.FutureTask.run(Unknown Source)
	at java.util.concurrent.ScheduledThreadPoolExecutor$ScheduledFutureTask.access$201(Unknown Source)
	at java.util.concurrent.ScheduledThreadPoolExecutor$ScheduledFutureTask.run(Unknown Source)
	at java.util.concurrent.ThreadPoolExecutor.runWorker(Unknown Source)
	at java.util.concurrent.ThreadPoolExecutor$Worker.run(Unknown Source)
	at java.lang.Thread.run(Unknown Source)
Caused by: java.net.ConnectException: Connection refused: connect
	at java.net.DualStackPlainSocketImpl.waitForConnect(Native Method)
	at java.net.DualStackPlainSocketImpl.socketConnect(Unknown Source)
	at java.net.AbstractPlainSocketImpl.doConnect(Unknown Source)
	at java.net.AbstractPlainSocketImpl.connectToAddress(Unknown Source)
	at java.net.AbstractPlainSocketImpl.connect(Unknown Source)
	at java.net.PlainSocketImpl.connect(Unknown Source)
	at java.net.SocksSocketImpl.connect(Unknown Source)
	at java.net.Socket.connect(Unknown Source)
	at org.apache.http.conn.scheme.PlainSocketFactory.connectSocket(PlainSocketFactory.java:121)
	at org.apache.http.impl.conn.DefaultClientConnectionOperator.openConnection(DefaultClientConnectionOperator.java:180)
	at org.apache.http.impl.conn.AbstractPoolEntry.open(AbstractPoolEntry.java:144)
	at org.apache.http.impl.conn.AbstractPooledConnAdapter.open(AbstractPooledConnAdapter.java:134)
	at org.apache.http.impl.client.DefaultRequestDirector.tryConnect(DefaultRequestDirector.java:605)
	at org.apache.http.impl.client.DefaultRequestDirector.execute(DefaultRequestDirector.java:440)
	at org.apache.http.impl.client.AbstractHttpClient.doExecute(AbstractHttpClient.java:835)
	at org.apache.http.impl.client.CloseableHttpClient.execute(CloseableHttpClient.java:118)
	at org.apache.http.impl.client.CloseableHttpClient.execute(CloseableHttpClient.java:56)
	at com.sun.jersey.client.apache4.ApacheHttpClient4Handler.handle(ApacheHttpClient4Handler.java:173)
	... 30 common frames omitted
2020-09-16 02:34:06,150 WARN com.netflix.discovery.shared.transport.decorator.RetryableEurekaHttpClient [DiscoveryClient-InstanceInfoReplicator-0] Request execution failed with message: java.net.ConnectException: Connection refused: connect
2020-09-16 02:34:06,151 WARN com.netflix.discovery.DiscoveryClient [DiscoveryClient-InstanceInfoReplicator-0] DiscoveryClient_MANAGECURRCONVFACTOR/DESKTOP-29N9Q4N:managecurrconvfactor:8086 - registration failed Cannot execute request on any known server
com.netflix.discovery.shared.transport.TransportException: Cannot execute request on any known server
	at com.netflix.discovery.shared.transport.decorator.RetryableEurekaHttpClient.execute(RetryableEurekaHttpClient.java:112)
	at com.netflix.discovery.shared.transport.decorator.EurekaHttpClientDecorator.register(EurekaHttpClientDecorator.java:56)
	at com.netflix.discovery.shared.transport.decorator.EurekaHttpClientDecorator$1.execute(EurekaHttpClientDecorator.java:59)
	at com.netflix.discovery.shared.transport.decorator.SessionedEurekaHttpClient.execute(SessionedEurekaHttpClient.java:77)
	at com.netflix.discovery.shared.transport.decorator.EurekaHttpClientDecorator.register(EurekaHttpClientDecorator.java:56)
	at com.netflix.discovery.DiscoveryClient.register(DiscoveryClient.java:847)
	at com.netflix.discovery.InstanceInfoReplicator.run(InstanceInfoReplicator.java:121)
	at com.netflix.discovery.InstanceInfoReplicator$1.run(InstanceInfoReplicator.java:101)
	at java.util.concurrent.Executors$RunnableAdapter.call(Unknown Source)
	at java.util.concurrent.FutureTask.run(Unknown Source)
	at java.util.concurrent.ScheduledThreadPoolExecutor$ScheduledFutureTask.access$201(Unknown Source)
	at java.util.concurrent.ScheduledThreadPoolExecutor$ScheduledFutureTask.run(Unknown Source)
	at java.util.concurrent.ThreadPoolExecutor.runWorker(Unknown Source)
	at java.util.concurrent.ThreadPoolExecutor$Worker.run(Unknown Source)
	at java.lang.Thread.run(Unknown Source)
2020-09-16 02:34:06,153 WARN com.netflix.discovery.InstanceInfoReplicator [DiscoveryClient-InstanceInfoReplicator-0] There was a problem with the instance info replicator
com.netflix.discovery.shared.transport.TransportException: Cannot execute request on any known server
	at com.netflix.discovery.shared.transport.decorator.RetryableEurekaHttpClient.execute(RetryableEurekaHttpClient.java:112)
	at com.netflix.discovery.shared.transport.decorator.EurekaHttpClientDecorator.register(EurekaHttpClientDecorator.java:56)
	at com.netflix.discovery.shared.transport.decorator.EurekaHttpClientDecorator$1.execute(EurekaHttpClientDecorator.java:59)
	at com.netflix.discovery.shared.transport.decorator.SessionedEurekaHttpClient.execute(SessionedEurekaHttpClient.java:77)
	at com.netflix.discovery.shared.transport.decorator.EurekaHttpClientDecorator.register(EurekaHttpClientDecorator.java:56)
	at com.netflix.discovery.DiscoveryClient.register(DiscoveryClient.java:847)
	at com.netflix.discovery.InstanceInfoReplicator.run(InstanceInfoReplicator.java:121)
	at com.netflix.discovery.InstanceInfoReplicator$1.run(InstanceInfoReplicator.java:101)
	at java.util.concurrent.Executors$RunnableAdapter.call(Unknown Source)
	at java.util.concurrent.FutureTask.run(Unknown Source)
	at java.util.concurrent.ScheduledThreadPoolExecutor$ScheduledFutureTask.access$201(Unknown Source)
	at java.util.concurrent.ScheduledThreadPoolExecutor$ScheduledFutureTask.run(Unknown Source)
	at java.util.concurrent.ThreadPoolExecutor.runWorker(Unknown Source)
	at java.util.concurrent.ThreadPoolExecutor$Worker.run(Unknown Source)
	at java.lang.Thread.run(Unknown Source)
2020-09-16 02:34:06,156 INFO com.netflix.discovery.DiscoveryClient [RMI TCP Connection(58)-127.0.0.1] Unregistering ...
2020-09-16 02:34:10,200 ERROR com.netflix.discovery.shared.transport.decorator.RedirectingEurekaHttpClient [RMI TCP Connection(58)-127.0.0.1] Request execution error. endpoint=DefaultEndpoint{ serviceUrl='http://localhost:8761/eureka/}
com.sun.jersey.api.client.ClientHandlerException: java.net.ConnectException: Connection refused: connect
	at com.sun.jersey.client.apache4.ApacheHttpClient4Handler.handle(ApacheHttpClient4Handler.java:187)
	at com.sun.jersey.api.client.filter.GZIPContentEncodingFilter.handle(GZIPContentEncodingFilter.java:123)
	at com.netflix.discovery.EurekaIdentityHeaderFilter.handle(EurekaIdentityHeaderFilter.java:27)
	at com.sun.jersey.api.client.Client.handle(Client.java:652)
	at com.sun.jersey.api.client.WebResource.handle(WebResource.java:682)
	at com.sun.jersey.api.client.WebResource.access$200(WebResource.java:74)
	at com.sun.jersey.api.client.WebResource$Builder.delete(WebResource.java:591)
	at com.netflix.discovery.shared.transport.jersey.AbstractJerseyEurekaHttpClient.cancel(AbstractJerseyEurekaHttpClient.java:76)
	at com.netflix.discovery.shared.transport.decorator.EurekaHttpClientDecorator$2.execute(EurekaHttpClientDecorator.java:74)
	at com.netflix.discovery.shared.transport.decorator.MetricsCollectingEurekaHttpClient.execute(MetricsCollectingEurekaHttpClient.java:73)
	at com.netflix.discovery.shared.transport.decorator.EurekaHttpClientDecorator.cancel(EurekaHttpClientDecorator.java:71)
	at com.netflix.discovery.shared.transport.decorator.EurekaHttpClientDecorator$2.execute(EurekaHttpClientDecorator.java:74)
	at com.netflix.discovery.shared.transport.decorator.RedirectingEurekaHttpClient.executeOnNewServer(RedirectingEurekaHttpClient.java:118)
	at com.netflix.discovery.shared.transport.decorator.RedirectingEurekaHttpClient.execute(RedirectingEurekaHttpClient.java:79)
	at com.netflix.discovery.shared.transport.decorator.EurekaHttpClientDecorator.cancel(EurekaHttpClientDecorator.java:71)
	at com.netflix.discovery.shared.transport.decorator.EurekaHttpClientDecorator$2.execute(EurekaHttpClientDecorator.java:74)
	at com.netflix.discovery.shared.transport.decorator.RetryableEurekaHttpClient.execute(RetryableEurekaHttpClient.java:120)
	at com.netflix.discovery.shared.transport.decorator.EurekaHttpClientDecorator.cancel(EurekaHttpClientDecorator.java:71)
	at com.netflix.discovery.shared.transport.decorator.EurekaHttpClientDecorator$2.execute(EurekaHttpClientDecorator.java:74)
	at com.netflix.discovery.shared.transport.decorator.SessionedEurekaHttpClient.execute(SessionedEurekaHttpClient.java:77)
	at com.netflix.discovery.shared.transport.decorator.EurekaHttpClientDecorator.cancel(EurekaHttpClientDecorator.java:71)
	at com.netflix.discovery.DiscoveryClient.unregister(DiscoveryClient.java:941)
	at com.netflix.discovery.DiscoveryClient.shutdown(DiscoveryClient.java:919)
	at sun.reflect.NativeMethodAccessorImpl.invoke0(Native Method)
	at sun.reflect.NativeMethodAccessorImpl.invoke(Unknown Source)
	at sun.reflect.DelegatingMethodAccessorImpl.invoke(Unknown Source)
	at java.lang.reflect.Method.invoke(Unknown Source)
	at org.springframework.beans.factory.annotation.InitDestroyAnnotationBeanPostProcessor$LifecycleElement.invoke(InitDestroyAnnotationBeanPostProcessor.java:389)
	at org.springframework.beans.factory.annotation.InitDestroyAnnotationBeanPostProcessor$LifecycleMetadata.invokeDestroyMethods(InitDestroyAnnotationBeanPostProcessor.java:347)
	at org.springframework.beans.factory.annotation.InitDestroyAnnotationBeanPostProcessor.postProcessBeforeDestruction(InitDestroyAnnotationBeanPostProcessor.java:177)
	at org.springframework.beans.factory.support.DisposableBeanAdapter.destroy(DisposableBeanAdapter.java:242)
	at org.springframework.beans.factory.support.DisposableBeanAdapter.run(DisposableBeanAdapter.java:235)
	at org.springframework.cloud.context.scope.GenericScope$BeanLifecycleWrapper.destroy(GenericScope.java:403)
	at org.springframework.cloud.context.scope.GenericScope.destroy(GenericScope.java:142)
	at org.springframework.beans.factory.support.DisposableBeanAdapter.destroy(DisposableBeanAdapter.java:258)
	at org.springframework.beans.factory.support.DefaultSingletonBeanRegistry.destroyBean(DefaultSingletonBeanRegistry.java:579)
	at org.springframework.beans.factory.support.DefaultSingletonBeanRegistry.destroySingleton(DefaultSingletonBeanRegistry.java:551)
	at org.springframework.beans.factory.support.DefaultListableBeanFactory.destroySingleton(DefaultListableBeanFactory.java:1091)
	at org.springframework.beans.factory.support.DefaultSingletonBeanRegistry.destroySingletons(DefaultSingletonBeanRegistry.java:512)
	at org.springframework.beans.factory.support.DefaultListableBeanFactory.destroySingletons(DefaultListableBeanFactory.java:1084)
	at org.springframework.context.support.AbstractApplicationContext.destroyBeans(AbstractApplicationContext.java:1060)
	at org.springframework.context.support.AbstractApplicationContext.doClose(AbstractApplicationContext.java:1029)
	at org.springframework.boot.web.servlet.context.ServletWebServerApplicationContext.doClose(ServletWebServerApplicationContext.java:168)
	at org.springframework.context.support.AbstractApplicationContext.close(AbstractApplicationContext.java:978)
	at org.springframework.boot.admin.SpringApplicationAdminMXBeanRegistrar$SpringApplicationAdmin.shutdown(SpringApplicationAdminMXBeanRegistrar.java:160)
	at sun.reflect.NativeMethodAccessorImpl.invoke0(Native Method)
	at sun.reflect.NativeMethodAccessorImpl.invoke(Unknown Source)
	at sun.reflect.DelegatingMethodAccessorImpl.invoke(Unknown Source)
	at java.lang.reflect.Method.invoke(Unknown Source)
	at sun.reflect.misc.Trampoline.invoke(Unknown Source)
	at sun.reflect.GeneratedMethodAccessor74.invoke(Unknown Source)
	at sun.reflect.DelegatingMethodAccessorImpl.invoke(Unknown Source)
	at java.lang.reflect.Method.invoke(Unknown Source)
	at sun.reflect.misc.MethodUtil.invoke(Unknown Source)
	at com.sun.jmx.mbeanserver.ConvertingMethod.invokeWithOpenReturn(Unknown Source)
	at com.sun.jmx.mbeanserver.ConvertingMethod.invokeWithOpenReturn(Unknown Source)
	at com.sun.jmx.mbeanserver.MXBeanIntrospector.invokeM2(Unknown Source)
	at com.sun.jmx.mbeanserver.MXBeanIntrospector.invokeM2(Unknown Source)
	at com.sun.jmx.mbeanserver.MBeanIntrospector.invokeM(Unknown Source)
	at com.sun.jmx.mbeanserver.PerInterface.invoke(Unknown Source)
	at com.sun.jmx.mbeanserver.MBeanSupport.invoke(Unknown Source)
	at com.sun.jmx.interceptor.DefaultMBeanServerInterceptor.invoke(Unknown Source)
	at com.sun.jmx.mbeanserver.JmxMBeanServer.invoke(Unknown Source)
	at javax.management.remote.rmi.RMIConnectionImpl.doOperation(Unknown Source)
	at javax.management.remote.rmi.RMIConnectionImpl.access$300(Unknown Source)
	at javax.management.remote.rmi.RMIConnectionImpl$PrivilegedOperation.run(Unknown Source)
	at javax.management.remote.rmi.RMIConnectionImpl.doPrivilegedOperation(Unknown Source)
	at javax.management.remote.rmi.RMIConnectionImpl.invoke(Unknown Source)
	at sun.reflect.NativeMethodAccessorImpl.invoke0(Native Method)
	at sun.reflect.NativeMethodAccessorImpl.invoke(Unknown Source)
	at sun.reflect.DelegatingMethodAccessorImpl.invoke(Unknown Source)
	at java.lang.reflect.Method.invoke(Unknown Source)
	at sun.rmi.server.UnicastServerRef.dispatch(Unknown Source)
	at sun.rmi.transport.Transport$1.run(Unknown Source)
	at sun.rmi.transport.Transport$1.run(Unknown Source)
	at java.security.AccessController.doPrivileged(Native Method)
	at sun.rmi.transport.Transport.serviceCall(Unknown Source)
	at sun.rmi.transport.tcp.TCPTransport.handleMessages(Unknown Source)
	at sun.rmi.transport.tcp.TCPTransport$ConnectionHandler.run0(Unknown Source)
	at sun.rmi.transport.tcp.TCPTransport$ConnectionHandler.lambda$run$0(Unknown Source)
	at java.security.AccessController.doPrivileged(Native Method)
	at sun.rmi.transport.tcp.TCPTransport$ConnectionHandler.run(Unknown Source)
	at java.util.concurrent.ThreadPoolExecutor.runWorker(Unknown Source)
	at java.util.concurrent.ThreadPoolExecutor$Worker.run(Unknown Source)
	at java.lang.Thread.run(Unknown Source)
Caused by: java.net.ConnectException: Connection refused: connect
	at java.net.DualStackPlainSocketImpl.waitForConnect(Native Method)
	at java.net.DualStackPlainSocketImpl.socketConnect(Unknown Source)
	at java.net.AbstractPlainSocketImpl.doConnect(Unknown Source)
	at java.net.AbstractPlainSocketImpl.connectToAddress(Unknown Source)
	at java.net.AbstractPlainSocketImpl.connect(Unknown Source)
	at java.net.PlainSocketImpl.connect(Unknown Source)
	at java.net.SocksSocketImpl.connect(Unknown Source)
	at java.net.Socket.connect(Unknown Source)
	at org.apache.http.conn.scheme.PlainSocketFactory.connectSocket(PlainSocketFactory.java:121)
	at org.apache.http.impl.conn.DefaultClientConnectionOperator.openConnection(DefaultClientConnectionOperator.java:180)
	at org.apache.http.impl.conn.AbstractPoolEntry.open(AbstractPoolEntry.java:144)
	at org.apache.http.impl.conn.AbstractPooledConnAdapter.open(AbstractPooledConnAdapter.java:134)
	at org.apache.http.impl.client.DefaultRequestDirector.tryConnect(DefaultRequestDirector.java:605)
	at org.apache.http.impl.client.DefaultRequestDirector.execute(DefaultRequestDirector.java:440)
	at org.apache.http.impl.client.AbstractHttpClient.doExecute(AbstractHttpClient.java:835)
	at org.apache.http.impl.client.CloseableHttpClient.execute(CloseableHttpClient.java:118)
	at org.apache.http.impl.client.CloseableHttpClient.execute(CloseableHttpClient.java:56)
	at com.sun.jersey.client.apache4.ApacheHttpClient4Handler.handle(ApacheHttpClient4Handler.java:173)
	... 84 common frames omitted
2020-09-16 02:34:10,204 WARN com.netflix.discovery.shared.transport.decorator.RetryableEurekaHttpClient [RMI TCP Connection(58)-127.0.0.1] Request execution failed with message: java.net.ConnectException: Connection refused: connect
2020-09-16 02:34:10,206 ERROR com.netflix.discovery.DiscoveryClient [RMI TCP Connection(58)-127.0.0.1] DiscoveryClient_MANAGECURRCONVFACTOR/DESKTOP-29N9Q4N:managecurrconvfactor:8086 - de-registration failedCannot execute request on any known server
com.netflix.discovery.shared.transport.TransportException: Cannot execute request on any known server
	at com.netflix.discovery.shared.transport.decorator.RetryableEurekaHttpClient.execute(RetryableEurekaHttpClient.java:112)
	at com.netflix.discovery.shared.transport.decorator.EurekaHttpClientDecorator.cancel(EurekaHttpClientDecorator.java:71)
	at com.netflix.discovery.shared.transport.decorator.EurekaHttpClientDecorator$2.execute(EurekaHttpClientDecorator.java:74)
	at com.netflix.discovery.shared.transport.decorator.SessionedEurekaHttpClient.execute(SessionedEurekaHttpClient.java:77)
	at com.netflix.discovery.shared.transport.decorator.EurekaHttpClientDecorator.cancel(EurekaHttpClientDecorator.java:71)
	at com.netflix.discovery.DiscoveryClient.unregister(DiscoveryClient.java:941)
	at com.netflix.discovery.DiscoveryClient.shutdown(DiscoveryClient.java:919)
	at sun.reflect.NativeMethodAccessorImpl.invoke0(Native Method)
	at sun.reflect.NativeMethodAccessorImpl.invoke(Unknown Source)
	at sun.reflect.DelegatingMethodAccessorImpl.invoke(Unknown Source)
	at java.lang.reflect.Method.invoke(Unknown Source)
	at org.springframework.beans.factory.annotation.InitDestroyAnnotationBeanPostProcessor$LifecycleElement.invoke(InitDestroyAnnotationBeanPostProcessor.java:389)
	at org.springframework.beans.factory.annotation.InitDestroyAnnotationBeanPostProcessor$LifecycleMetadata.invokeDestroyMethods(InitDestroyAnnotationBeanPostProcessor.java:347)
	at org.springframework.beans.factory.annotation.InitDestroyAnnotationBeanPostProcessor.postProcessBeforeDestruction(InitDestroyAnnotationBeanPostProcessor.java:177)
	at org.springframework.beans.factory.support.DisposableBeanAdapter.destroy(DisposableBeanAdapter.java:242)
	at org.springframework.beans.factory.support.DisposableBeanAdapter.run(DisposableBeanAdapter.java:235)
	at org.springframework.cloud.context.scope.GenericScope$BeanLifecycleWrapper.destroy(GenericScope.java:403)
	at org.springframework.cloud.context.scope.GenericScope.destroy(GenericScope.java:142)
	at org.springframework.beans.factory.support.DisposableBeanAdapter.destroy(DisposableBeanAdapter.java:258)
	at org.springframework.beans.factory.support.DefaultSingletonBeanRegistry.destroyBean(DefaultSingletonBeanRegistry.java:579)
	at org.springframework.beans.factory.support.DefaultSingletonBeanRegistry.destroySingleton(DefaultSingletonBeanRegistry.java:551)
	at org.springframework.beans.factory.support.DefaultListableBeanFactory.destroySingleton(DefaultListableBeanFactory.java:1091)
	at org.springframework.beans.factory.support.DefaultSingletonBeanRegistry.destroySingletons(DefaultSingletonBeanRegistry.java:512)
	at org.springframework.beans.factory.support.DefaultListableBeanFactory.destroySingletons(DefaultListableBeanFactory.java:1084)
	at org.springframework.context.support.AbstractApplicationContext.destroyBeans(AbstractApplicationContext.java:1060)
	at org.springframework.context.support.AbstractApplicationContext.doClose(AbstractApplicationContext.java:1029)
	at org.springframework.boot.web.servlet.context.ServletWebServerApplicationContext.doClose(ServletWebServerApplicationContext.java:168)
	at org.springframework.context.support.AbstractApplicationContext.close(AbstractApplicationContext.java:978)
	at org.springframework.boot.admin.SpringApplicationAdminMXBeanRegistrar$SpringApplicationAdmin.shutdown(SpringApplicationAdminMXBeanRegistrar.java:160)
	at sun.reflect.NativeMethodAccessorImpl.invoke0(Native Method)
	at sun.reflect.NativeMethodAccessorImpl.invoke(Unknown Source)
	at sun.reflect.DelegatingMethodAccessorImpl.invoke(Unknown Source)
	at java.lang.reflect.Method.invoke(Unknown Source)
	at sun.reflect.misc.Trampoline.invoke(Unknown Source)
	at sun.reflect.GeneratedMethodAccessor74.invoke(Unknown Source)
	at sun.reflect.DelegatingMethodAccessorImpl.invoke(Unknown Source)
	at java.lang.reflect.Method.invoke(Unknown Source)
	at sun.reflect.misc.MethodUtil.invoke(Unknown Source)
	at com.sun.jmx.mbeanserver.ConvertingMethod.invokeWithOpenReturn(Unknown Source)
	at com.sun.jmx.mbeanserver.ConvertingMethod.invokeWithOpenReturn(Unknown Source)
	at com.sun.jmx.mbeanserver.MXBeanIntrospector.invokeM2(Unknown Source)
	at com.sun.jmx.mbeanserver.MXBeanIntrospector.invokeM2(Unknown Source)
	at com.sun.jmx.mbeanserver.MBeanIntrospector.invokeM(Unknown Source)
	at com.sun.jmx.mbeanserver.PerInterface.invoke(Unknown Source)
	at com.sun.jmx.mbeanserver.MBeanSupport.invoke(Unknown Source)
	at com.sun.jmx.interceptor.DefaultMBeanServerInterceptor.invoke(Unknown Source)
	at com.sun.jmx.mbeanserver.JmxMBeanServer.invoke(Unknown Source)
	at javax.management.remote.rmi.RMIConnectionImpl.doOperation(Unknown Source)
	at javax.management.remote.rmi.RMIConnectionImpl.access$300(Unknown Source)
	at javax.management.remote.rmi.RMIConnectionImpl$PrivilegedOperation.run(Unknown Source)
	at javax.management.remote.rmi.RMIConnectionImpl.doPrivilegedOperation(Unknown Source)
	at javax.management.remote.rmi.RMIConnectionImpl.invoke(Unknown Source)
	at sun.reflect.NativeMethodAccessorImpl.invoke0(Native Method)
	at sun.reflect.NativeMethodAccessorImpl.invoke(Unknown Source)
	at sun.reflect.DelegatingMethodAccessorImpl.invoke(Unknown Source)
	at java.lang.reflect.Method.invoke(Unknown Source)
	at sun.rmi.server.UnicastServerRef.dispatch(Unknown Source)
	at sun.rmi.transport.Transport$1.run(Unknown Source)
	at sun.rmi.transport.Transport$1.run(Unknown Source)
	at java.security.AccessController.doPrivileged(Native Method)
	at sun.rmi.transport.Transport.serviceCall(Unknown Source)
	at sun.rmi.transport.tcp.TCPTransport.handleMessages(Unknown Source)
	at sun.rmi.transport.tcp.TCPTransport$ConnectionHandler.run0(Unknown Source)
	at sun.rmi.transport.tcp.TCPTransport$ConnectionHandler.lambda$run$0(Unknown Source)
	at java.security.AccessController.doPrivileged(Native Method)
	at sun.rmi.transport.tcp.TCPTransport$ConnectionHandler.run(Unknown Source)
	at java.util.concurrent.ThreadPoolExecutor.runWorker(Unknown Source)
	at java.util.concurrent.ThreadPoolExecutor$Worker.run(Unknown Source)
	at java.lang.Thread.run(Unknown Source)
2020-09-16 02:34:10,242 INFO com.netflix.discovery.DiscoveryClient [RMI TCP Connection(58)-127.0.0.1] Completed shut down of DiscoveryClient
2020-09-16 02:34:10,244 INFO com.zaxxer.hikari.HikariDataSource [RMI TCP Connection(58)-127.0.0.1] HikariPool-1 - Shutdown initiated...
2020-09-16 02:34:10,287 INFO com.zaxxer.hikari.HikariDataSource [RMI TCP Connection(58)-127.0.0.1] HikariPool-1 - Shutdown completed.
